#
# There is insufficient memory for the Java Runtime Environment to continue.
# Native memory allocation (mmap) failed to map 268435456 bytes for Failed to commit area from 0x0000000700c00000 to 0x0000000710c00000 of length 268435456.
# Possible reasons:
#   The system is out of physical RAM or swap space
#   The process is running with CompressedOops enabled, and the Java Heap may be blocking the growth of the native heap
# Possible solutions:
#   Reduce memory load on the system
#   Increase physical memory or swap space
#   Check if swap backing store is full
#   Decrease Java heap size (-Xmx/-Xms)
#   Decrease number of Java threads
#   Decrease Java thread stack sizes (-Xss)
#   Set larger code cache with -XX:ReservedCodeCacheSize=
# This output file may be truncated or incomplete.
#
#  Out of Memory Error (./src/hotspot/os/windows/os_windows.cpp:3619), pid=1764, tid=17528
#
# JRE version:  (11.0.13) (build )
# Java VM: OpenJDK 64-Bit Server VM (11.0.13+0-b1751.21-8125866, mixed mode, sharing, tiered, compressed oops, g1 gc, windows-amd64)
# No core dump will be written. Minidumps are not enabled by default on client versions of Windows
#

---------------  S U M M A R Y ------------

Command Line: org.jetbrains.kotlin.cli.jvm.K2JVMCompiler @C:\Users\real_\Documents\GitHub\appmovil\MyApplication\app\build\20221219_16008216594022397077.compiler.options

Host: AMD Ryzen 5 3500X 6-Core Processor             , 6 cores, 15G,  Windows 10 , 64 bit Build 19041 (10.0.19041.2364)
Time: Mon Dec 19 16:44:02 2022 Hora estándar romance elapsed time: 0.007351 seconds (0d 0h 0m 0s)

---------------  T H R E A D  ---------------

Current thread (0x0000025eb9c8e000):  JavaThread "Unknown thread" [_thread_in_vm, id=17528, stack(0x000000d037400000,0x000000d037500000)]

Stack: [0x000000d037400000,0x000000d037500000]
Native frames: (J=compiled Java code, j=interpreted, Vv=VM code, C=native code)
V  [jvm.dll+0x6100fa]
V  [jvm.dll+0x747090]
V  [jvm.dll+0x7486ad]
V  [jvm.dll+0x748d83]
V  [jvm.dll+0x24ab48]
V  [jvm.dll+0x60d164]
V  [jvm.dll+0x601e75]
V  [jvm.dll+0x308bdb]
V  [jvm.dll+0x308b4a]
V  [jvm.dll+0x308a22]
V  [jvm.dll+0x30d986]
V  [jvm.dll+0x357093]
V  [jvm.dll+0x357796]
V  [jvm.dll+0x357193]
V  [jvm.dll+0x2e3448]
V  [jvm.dll+0x2e45f7]
V  [jvm.dll+0x7242e7]
V  [jvm.dll+0x725adc]
V  [jvm.dll+0x364629]
V  [jvm.dll+0x707cee]
V  [jvm.dll+0x3d2633]
V  [jvm.dll+0x3d4a21]
C  [jli.dll+0x536b]
C  [ucrtbase.dll+0x21bb2]
C  [KERNEL32.DLL+0x17614]
C  [ntdll.dll+0x526a1]


---------------  P R O C E S S  ---------------

Threads class SMR info:
_java_thread_list=0x0000025eb79b2df0, length=0, elements={
}

Java Threads: ( => current thread )

Other Threads:
  0x0000025eb9ca6000 GCTaskThread "GC Thread#0" [stack: 0x000000d037500000,0x000000d037600000] [id=4604]
  0x0000025eb9d01000 ConcurrentGCThread "G1 Main Marker" [stack: 0x000000d037600000,0x000000d037700000] [id=12768]
  0x0000025eb9d04800 ConcurrentGCThread "G1 Conc#0" [stack: 0x000000d037700000,0x000000d037800000] [id=17904]

[error occurred during error reporting (printing all threads), id 0xc0000005, EXCEPTION_ACCESS_VIOLATION (0xc0000005) at pc=0x00007ff89e7d3dd7]

VM state:not at safepoint (not fully initialized)

VM Mutex/Monitor currently owned by a thread:  ([mutex/lock_event])
[0x0000025eb7a8bbb0] Heap_lock - owner thread: 0x0000025eb9c8e000

Heap address: 0x0000000700c00000, size: 4084 MB, Compressed Oops mode: Non-zero based: 0x0000000700c00000
Narrow klass base: 0x0000000000000000, Narrow klass shift: 0

GC Heap History (0 events):
No events

Deoptimization events (0 events):
No events

Classes redefined (0 events):
No events

Internal exceptions (0 events):
No events

Events (1 events):
Event: 0.004 Loaded shared library C:\Program Files\Android\Android Studio\jre\bin\zip.dll


Dynamic libraries:
0x00007ff7c1700000 - 0x00007ff7c170a000 	C:\Program Files\Android\Android Studio\jre\bin\java.exe
0x00007ff8c9110000 - 0x00007ff8c9308000 	C:\Windows\SYSTEM32\ntdll.dll
0x00007ff8c7ab0000 - 0x00007ff8c7b6f000 	C:\Windows\System32\KERNEL32.DLL
0x00007ff8c6a70000 - 0x00007ff8c6d42000 	C:\Windows\System32\KERNELBASE.dll
0x00007ff8c67d0000 - 0x00007ff8c68d0000 	C:\Windows\System32\ucrtbase.dll
0x00007ff8a6650000 - 0x00007ff8a6667000 	C:\Program Files\Android\Android Studio\jre\bin\VCRUNTIME140.dll
0x00007ff8a6670000 - 0x00007ff8a6689000 	C:\Program Files\Android\Android Studio\jre\bin\jli.dll
0x00007ff8c8b70000 - 0x00007ff8c8d11000 	C:\Windows\System32\USER32.dll
0x00007ff8b5f20000 - 0x00007ff8b61ba000 	C:\Windows\WinSxS\amd64_microsoft.windows.common-controls_6595b64144ccf1df_6.0.19041.1110_none_60b5254171f9507e\COMCTL32.dll
0x00007ff8c70f0000 - 0x00007ff8c7112000 	C:\Windows\System32\win32u.dll
0x00007ff8c7a10000 - 0x00007ff8c7aae000 	C:\Windows\System32\msvcrt.dll
0x00007ff8c74b0000 - 0x00007ff8c74db000 	C:\Windows\System32\GDI32.dll
0x00007ff8c6d50000 - 0x00007ff8c6e5f000 	C:\Windows\System32\gdi32full.dll
0x00007ff8c69d0000 - 0x00007ff8c6a6d000 	C:\Windows\System32\msvcp_win.dll
0x00007ff8c8e20000 - 0x00007ff8c8e52000 	C:\Windows\System32\IMM32.DLL
0x00007ff89da50000 - 0x00007ff89daed000 	C:\Program Files\Android\Android Studio\jre\bin\msvcp140.dll
0x00007ff89e4e0000 - 0x00007ff89efe2000 	C:\Program Files\Android\Android Studio\jre\bin\server\jvm.dll
0x00007ff8c8e60000 - 0x00007ff8c8f0e000 	C:\Windows\System32\ADVAPI32.dll
0x00007ff8c8a50000 - 0x00007ff8c8aec000 	C:\Windows\System32\sechost.dll
0x00007ff8c8f70000 - 0x00007ff8c9095000 	C:\Windows\System32\RPCRT4.dll
0x00007ff8c8da0000 - 0x00007ff8c8da8000 	C:\Windows\System32\PSAPI.DLL
0x00007ff8c33b0000 - 0x00007ff8c33b9000 	C:\Windows\SYSTEM32\WSOCK32.dll
0x00007ff8c7b70000 - 0x00007ff8c7bdb000 	C:\Windows\System32\WS2_32.dll
0x00007ff8bf040000 - 0x00007ff8bf04a000 	C:\Windows\SYSTEM32\VERSION.dll
0x00007ff8bd6e0000 - 0x00007ff8bd707000 	C:\Windows\SYSTEM32\WINMM.dll
0x00007ff8c46b0000 - 0x00007ff8c46c2000 	C:\Windows\SYSTEM32\kernel.appcore.dll
0x00007ff8bf3d0000 - 0x00007ff8bf3e1000 	C:\Program Files\Android\Android Studio\jre\bin\verify.dll
0x00007ff8c0360000 - 0x00007ff8c0544000 	C:\Windows\SYSTEM32\DBGHELP.DLL
0x00007ff8b7da0000 - 0x00007ff8b7dd5000 	C:\Windows\SYSTEM32\dbgcore.DLL
0x00007ff8c7060000 - 0x00007ff8c70e2000 	C:\Windows\System32\bcryptPrimitives.dll
0x00007ff8b9590000 - 0x00007ff8b95b9000 	C:\Program Files\Android\Android Studio\jre\bin\java.dll
0x00007ff8c1860000 - 0x00007ff8c186b000 	C:\Program Files\Android\Android Studio\jre\bin\jimage.dll
0x00007ff8baaa0000 - 0x00007ff8baab8000 	C:\Program Files\Android\Android Studio\jre\bin\zip.dll

dbghelp: loaded successfully - version: 4.0.5 - missing functions: none
symbol engine: initialized successfully - sym options: 0x614 - pdb path: .;C:\Program Files\Android\Android Studio\jre\bin;C:\Windows\SYSTEM32;C:\Windows\WinSxS\amd64_microsoft.windows.common-controls_6595b64144ccf1df_6.0.19041.1110_none_60b5254171f9507e;C:\Program Files\Android\Android Studio\jre\bin\server

VM Arguments:
java_command: org.jetbrains.kotlin.cli.jvm.K2JVMCompiler @C:\Users\real_\Documents\GitHub\appmovil\MyApplication\app\build\20221219_16008216594022397077.compiler.options
java_class_path (initial): C:\Users\real_\.gradle\caches\modules-2\files-2.1\org.jetbrains.kotlin\kotlin-compiler-embeddable\1.7.20\8db18559a581dd2c36ddfd5046af145650f5b126\kotlin-compiler-embeddable-1.7.20.jar;C:\Users\real_\.gradle\caches\modules-2\files-2.1\org.jetbrains.kotlin\kotlin-reflect\1.7.20\12b2501e33bb6373e8e347c86d85481863629381\kotlin-reflect-1.7.20.jar;C:\Users\real_\.gradle\caches\modules-2\files-2.1\org.jetbrains.kotlin\kotlin-stdlib\1.7.20\726594ea9ba2beb2ee113647fefa9a10f9fabe52\kotlin-stdlib-1.7.20.jar;C:\Users\real_\.gradle\caches\modules-2\files-2.1\org.jetbrains.kotlin\kotlin-script-runtime\1.7.20\bcd1cc6f865e632550357fcc59f5ffd532615a8\kotlin-script-runtime-1.7.20.jar;C:\Users\real_\.gradle\caches\modules-2\files-2.1\org.jetbrains.kotlin\kotlin-daemon-embeddable\1.7.20\1e24355adad8d529d75d5b19eab55484057431ba\kotlin-daemon-embeddable-1.7.20.jar;C:\Users\real_\.gradle\caches\modules-2\files-2.1\org.jetbrains.intellij.deps\trove4j\1.0.20200330\3afb14d5f9ceb459d724e907a21145e8ff394f02\trove4j-1.0.20200330.jar;C:\Users\real_\.gradle\caches\modules-2\files-2.1\net.java.dev.jna\jna\5.6.0\330f2244e9030119ab3030fc3fededc86713d9cc\jna-5.6.0.jar;C:\Users\real_\.gradle\caches\modules-2\files-2.1\org.jetbrains.kotlin\kotlin-stdlib-common\1.7.20\e15351bdaf9fa06f009be5da7a202e4184f00ae3\kotlin-stdlib-common-1.7.20.jar;C:\Users\real_\.gradle\caches\modules-2\files-2.1\org.jetbrains\annotations\13.0\919f0dfe192fb4e063e7dacadee7f8bb9a2672a9\annotations-13.0.jar
Launcher Type: SUN_STANDARD

[Global flags]
     intx CICompilerCount                          = 3                                         {product} {ergonomic}
     uint ConcGCThreads                            = 2                                         {product} {ergonomic}
     uint G1ConcRefinementThreads                  = 6                                         {product} {ergonomic}
   size_t G1HeapRegionSize                         = 1048576                                   {product} {ergonomic}
    uintx GCDrainStackTargetSize                   = 64                                        {product} {ergonomic}
   size_t InitialHeapSize                          = 268435456                                 {product} {ergonomic}
   size_t MarkStackSize                            = 4194304                                   {product} {ergonomic}
   size_t MaxHeapSize                              = 4282384384                                {product} {ergonomic}
   size_t MinHeapDeltaBytes                        = 1048576                                   {product} {ergonomic}
    uintx NonNMethodCodeHeapSize                   = 5830732                                {pd product} {ergonomic}
    uintx NonProfiledCodeHeapSize                  = 122913754                              {pd product} {ergonomic}
    uintx ProfiledCodeHeapSize                     = 122913754                              {pd product} {ergonomic}
    uintx ReservedCodeCacheSize                    = 251658240                              {pd product} {ergonomic}
     bool SegmentedCodeCache                       = true                                      {product} {ergonomic}
     bool UseCompressedClassPointers               = true                                 {lp64_product} {ergonomic}
     bool UseCompressedOops                        = true                                 {lp64_product} {ergonomic}
     bool UseG1GC                                  = true                                      {product} {ergonomic}
     bool UseLargePagesIndividualAllocation        = false                                  {pd product} {ergonomic}

Logging:
Log output configuration:
 #0: stdout all=warning uptime,level,tags
 #1: stderr all=off uptime,level,tags

Environment Variables:
PATH=C:\Program Files\Common Files\Oracle\Java\javapath;C:\Program Files (x86)\Razer\ChromaBroadcast\bin;C:\Program Files\Razer\ChromaBroadcast\bin;C:\Program Files (x86)\NVIDIA Corporation\PhysX\Common;C:\Windows\system32;C:\Windows;C:\Windows\System32\Wbem;C:\Windows\System32\WindowsPowerShell\v1.0\;C:\Windows\System32\OpenSSH\;C:\Windows\system32\config\systemprofile\AppData\Local\Microsoft\WindowsApps;C:\Program Files\dotnet\;C:\Program Files\Java\jdk-17.0.1\bin;C:\Program Files (x86)\Gpg4win\..\GnuPG\bin;C:\Program Files\nodejs\;C:\Users\real_\AppData\Local\Programs\Python\Python310\Scripts;C:\Program Files (x86)\dotnet\;C:\Program Files\Git\cmd;C:\Program Files\MySQL\MySQL Shell 8.0\bin\;C:\Users\real_\AppData\Local\Microsoft\WindowsApps;C:\Users\real_\AppData\Local\Programs\Microsoft VS Code\bin;C:\Users\real_\.dotnet\tools;C:\Users\real_\AppData\Local\GitHubDesktop\bin;C:\Users\real_\AppData\Roaming\npm
USERNAME=real_
OS=Windows_NT
PROCESSOR_IDENTIFIER=AMD64 Family 23 Model 113 Stepping 0, AuthenticAMD



---------------  S Y S T E M  ---------------

OS: Windows 10 , 64 bit Build 19041 (10.0.19041.2364)
OS uptime: 0 days 14:23 hours

CPU:total 6 (initial active 6) (6 cores per cpu, 1 threads per core) family 23 model 113 stepping 0 microcode 0x0, cmov, cx8, fxsr, mmx, sse, sse2, sse3, ssse3, sse4.1, sse4.2, popcnt, avx, avx2, aes, clmul, mmxext, 3dnowpref, lzcnt, sse4a, tsc, tscinvbit, tscinv, bmi1, bmi2, adx, sha, fma

Memory: 4k page, system-wide physical 16332M (4523M free)
TotalPageFile size 18380M (AvailPageFile size 96M)
current process WorkingSet (physical memory assigned to process): 10M, peak: 10M
current process commit charge ("private bytes"): 56M, peak: 312M

vm_info: OpenJDK 64-Bit Server VM (11.0.13+0-b1751.21-8125866) for windows-amd64 JRE (11.0.13+0-b1751.21-8125866), built on Feb  2 2022 03:00:22 by "builder" with MS VC++ 14.0 (VS2015)

END.
