#
# There is insufficient memory for the Java Runtime Environment to continue.
# Native memory allocation (malloc) failed to allocate 938816 bytes for Chunk::new
# Possible reasons:
#   The system is out of physical RAM or swap space
#   The process is running with CompressedOops enabled, and the Java Heap may be blocking the growth of the native heap
# Possible solutions:
#   Reduce memory load on the system
#   Increase physical memory or swap space
#   Check if swap backing store is full
#   Decrease Java heap size (-Xmx/-Xms)
#   Decrease number of Java threads
#   Decrease Java thread stack sizes (-Xss)
#   Set larger code cache with -XX:ReservedCodeCacheSize=
#   JVM is running with Unscaled Compressed Oops mode in which the Java heap is
#     placed in the first 4GB address space. The Java Heap base address is the
#     maximum limit for the native heap growth. Please use -XX:HeapBaseMinAddress
#     to set the Java Heap base and to place the Java Heap above 4GB virtual address.
# This output file may be truncated or incomplete.
#
#  Out of Memory Error (./src/hotspot/share/memory/arena.cpp:197), pid=14460, tid=3892
#
# JRE version: OpenJDK Runtime Environment (11.0.13) (build 11.0.13+0-b1751.21-8125866)
# Java VM: OpenJDK 64-Bit Server VM (11.0.13+0-b1751.21-8125866, mixed mode, tiered, compressed oops, g1 gc, windows-amd64)
# No core dump will be written. Minidumps are not enabled by default on client versions of Windows
#

---------------  S U M M A R Y ------------

Command Line: --add-opens=java.base/java.util=ALL-UNNAMED --add-opens=java.base/java.lang=ALL-UNNAMED --add-opens=java.base/java.lang.invoke=ALL-UNNAMED --add-opens=java.base/java.util=ALL-UNNAMED --add-opens=java.prefs/java.util.prefs=ALL-UNNAMED --add-opens=java.prefs/java.util.prefs=ALL-UNNAMED --add-opens=java.base/java.nio.charset=ALL-UNNAMED --add-opens=java.base/java.net=ALL-UNNAMED --add-opens=java.base/java.util.concurrent.atomic=ALL-UNNAMED -Xmx2048m -Dfile.encoding=UTF-8 -Duser.country=ES -Duser.language=es -Duser.variant org.gradle.launcher.daemon.bootstrap.GradleDaemon 7.4

Host: AMD Ryzen 5 3500X 6-Core Processor             , 6 cores, 15G,  Windows 10 , 64 bit Build 19041 (10.0.19041.2364)
Time: Mon Dec 19 16:40:43 2022 Hora estándar romance elapsed time: 2.844878 seconds (0d 0h 0m 2s)

---------------  T H R E A D  ---------------

Current thread (0x0000025a85310800):  JavaThread "C2 CompilerThread1" daemon [_thread_in_native, id=3892, stack(0x000000aea8f00000,0x000000aea9000000)]


Current CompileTask:
C2:   2844 2650       4       jdk.internal.loader.URLClassPath::getResource (74 bytes)

Stack: [0x000000aea8f00000,0x000000aea9000000]
Native frames: (J=compiled Java code, j=interpreted, Vv=VM code, C=native code)
V  [jvm.dll+0x6100fa]
V  [jvm.dll+0x747090]
V  [jvm.dll+0x7486ad]
V  [jvm.dll+0x748d83]
V  [jvm.dll+0x24ab48]
V  [jvm.dll+0xc04dc]
V  [jvm.dll+0xc0a0c]
V  [jvm.dll+0x2bfab4]
V  [jvm.dll+0x524238]
V  [jvm.dll+0x20b193]
V  [jvm.dll+0x204ca0]
V  [jvm.dll+0x2023c2]
V  [jvm.dll+0x188e01]
V  [jvm.dll+0x21106b]
V  [jvm.dll+0x20f8c1]
V  [jvm.dll+0x70de0f]
V  [jvm.dll+0x706a75]
V  [jvm.dll+0x60ed66]
C  [ucrtbase.dll+0x21bb2]
C  [KERNEL32.DLL+0x17614]
C  [ntdll.dll+0x526a1]


---------------  P R O C E S S  ---------------

Threads class SMR info:
_java_thread_list=0x0000025a87a7adb0, length=31, elements={
0x0000025ae96c0000, 0x0000025a84021800, 0x0000025a84026000, 0x0000025a84084000,
0x0000025a84085000, 0x0000025a84089000, 0x0000025a8408b800, 0x0000025a8409c800,
0x0000025a8409f800, 0x0000025a84207800, 0x0000025a86e7c800, 0x0000025a852de800,
0x0000025a866c2000, 0x0000025a863a7800, 0x0000025a846e3000, 0x0000025a8703d800,
0x0000025a86558800, 0x0000025a86559000, 0x0000025a8584a800, 0x0000025a8584b000,
0x0000025a85310800, 0x0000025a8678a000, 0x0000025a8678a800, 0x0000025a86787800,
0x0000025a86788000, 0x0000025a8678c000, 0x0000025a8678b800, 0x0000025a86789000,
0x0000025a86786800, 0x0000025a8678d000, 0x0000025a8766f000
}

Java Threads: ( => current thread )
  0x0000025ae96c0000 JavaThread "main" [_thread_blocked, id=992, stack(0x000000aea6f00000,0x000000aea7000000)]
  0x0000025a84021800 JavaThread "Reference Handler" daemon [_thread_blocked, id=17304, stack(0x000000aea7600000,0x000000aea7700000)]
  0x0000025a84026000 JavaThread "Finalizer" daemon [_thread_blocked, id=12672, stack(0x000000aea7700000,0x000000aea7800000)]
  0x0000025a84084000 JavaThread "Signal Dispatcher" daemon [_thread_blocked, id=8800, stack(0x000000aea7800000,0x000000aea7900000)]
  0x0000025a84085000 JavaThread "Attach Listener" daemon [_thread_blocked, id=12460, stack(0x000000aea7900000,0x000000aea7a00000)]
  0x0000025a84089000 JavaThread "Service Thread" daemon [_thread_blocked, id=10512, stack(0x000000aea7a00000,0x000000aea7b00000)]
  0x0000025a8408b800 JavaThread "C2 CompilerThread0" daemon [_thread_blocked, id=10004, stack(0x000000aea7b00000,0x000000aea7c00000)]
  0x0000025a8409c800 JavaThread "C1 CompilerThread0" daemon [_thread_blocked, id=14308, stack(0x000000aea7c00000,0x000000aea7d00000)]
  0x0000025a8409f800 JavaThread "Sweeper thread" daemon [_thread_blocked, id=8828, stack(0x000000aea7d00000,0x000000aea7e00000)]
  0x0000025a84207800 JavaThread "Common-Cleaner" daemon [_thread_blocked, id=5164, stack(0x000000aea7e00000,0x000000aea7f00000)]
  0x0000025a86e7c800 JavaThread "Daemon health stats" [_thread_blocked, id=7972, stack(0x000000aea8600000,0x000000aea8700000)]
  0x0000025a852de800 JavaThread "Incoming local TCP Connector on port 64766" [_thread_in_native, id=12352, stack(0x000000aea8700000,0x000000aea8800000)]
  0x0000025a866c2000 JavaThread "Daemon periodic checks" [_thread_blocked, id=1916, stack(0x000000aea8800000,0x000000aea8900000)]
  0x0000025a863a7800 JavaThread "Daemon" [_thread_blocked, id=2128, stack(0x000000aea8000000,0x000000aea8100000)]
  0x0000025a846e3000 JavaThread "Handler for socket connection from /127.0.0.1:64766 to /127.0.0.1:64767" [_thread_in_native, id=15280, stack(0x000000aea8900000,0x000000aea8a00000)]
  0x0000025a8703d800 JavaThread "Cancel handler" [_thread_blocked, id=15376, stack(0x000000aea8a00000,0x000000aea8b00000)]
  0x0000025a86558800 JavaThread "Daemon worker" [_thread_blocked, id=5764, stack(0x000000aea8b00000,0x000000aea8c00000)]
  0x0000025a86559000 JavaThread "Asynchronous log dispatcher for DefaultDaemonConnection: socket connection from /127.0.0.1:64766 to /127.0.0.1:64767" [_thread_blocked, id=3480, stack(0x000000aea8c00000,0x000000aea8d00000)]
  0x0000025a8584a800 JavaThread "Stdin handler" [_thread_blocked, id=11404, stack(0x000000aea8d00000,0x000000aea8e00000)]
  0x0000025a8584b000 JavaThread "Daemon client event forwarder" [_thread_blocked, id=1452, stack(0x000000aea8e00000,0x000000aea8f00000)]
=>0x0000025a85310800 JavaThread "C2 CompilerThread1" daemon [_thread_in_native, id=3892, stack(0x000000aea8f00000,0x000000aea9000000)]
  0x0000025a8678a000 JavaThread "Cache worker for journal cache (C:\Users\real_\.gradle\caches\journal-1)" [_thread_blocked, id=6984, stack(0x000000aea9000000,0x000000aea9100000)]
  0x0000025a8678a800 JavaThread "File lock request listener" [_thread_in_native, id=16880, stack(0x000000aea9100000,0x000000aea9200000)]
  0x0000025a86787800 JavaThread "Cache worker for file hash cache (C:\Users\real_\.gradle\caches\7.4\fileHashes)" [_thread_blocked, id=8672, stack(0x000000aea9200000,0x000000aea9300000)]
  0x0000025a86788000 JavaThread "File watcher server" daemon [_thread_in_native, id=1800, stack(0x000000aea9400000,0x000000aea9500000)]
  0x0000025a8678c000 JavaThread "File watcher consumer" daemon [_thread_blocked, id=16824, stack(0x000000aea9500000,0x000000aea9600000)]
  0x0000025a8678b800 JavaThread "Cache worker for checksums cache (C:\Users\real_\Documents\GitHub\appmovil\MyApplication\.gradle\7.4\checksums)" [_thread_blocked, id=15232, stack(0x000000aea9600000,0x000000aea9700000)]
  0x0000025a86789000 JavaThread "Cache worker for cache directory md-rule (C:\Users\real_\.gradle\caches\7.4\md-rule)" [_thread_blocked, id=12848, stack(0x000000aea9700000,0x000000aea9800000)]
  0x0000025a86786800 JavaThread "Cache worker for file hash cache (C:\Users\real_\Documents\GitHub\appmovil\MyApplication\.gradle\7.4\fileHashes)" [_thread_blocked, id=16784, stack(0x000000aea9800000,0x000000aea9900000)]
  0x0000025a8678d000 JavaThread "Cache worker for cache directory md-supplier (C:\Users\real_\.gradle\caches\7.4\md-supplier)" [_thread_blocked, id=8544, stack(0x000000aea9900000,0x000000aea9a00000)]
  0x0000025a8766f000 JavaThread "Cache worker for execution history cache (C:\Users\real_\.gradle\caches\7.4\executionHistory)" [_thread_blocked, id=14128, stack(0x000000aea9a00000,0x000000aea9b00000)]

Other Threads:
  0x0000025aff74d800 VMThread "VM Thread" [stack: 0x000000aea7500000,0x000000aea7600000] [id=10380]
  0x0000025a8422a800 WatcherThread [stack: 0x000000aea7f00000,0x000000aea8000000] [id=12864]
  0x0000025ae96d5800 GCTaskThread "GC Thread#0" [stack: 0x000000aea7000000,0x000000aea7100000] [id=1100]
  0x0000025a84e30000 GCTaskThread "GC Thread#1" [stack: 0x000000aea8100000,0x000000aea8200000] [id=9584]
  0x0000025a84ee1000 GCTaskThread "GC Thread#2" [stack: 0x000000aea8200000,0x000000aea8300000] [id=9340]
  0x0000025a85028000 GCTaskThread "GC Thread#3" [stack: 0x000000aea8300000,0x000000aea8400000] [id=9148]
  0x0000025a85087800 GCTaskThread "GC Thread#4" [stack: 0x000000aea8400000,0x000000aea8500000] [id=10360]
  0x0000025a85088000 GCTaskThread "GC Thread#5" [stack: 0x000000aea8500000,0x000000aea8600000] [id=8028]
  0x0000025ae970a800 ConcurrentGCThread "G1 Main Marker" [stack: 0x000000aea7100000,0x000000aea7200000] [id=15264]
  0x0000025ae970b800 ConcurrentGCThread "G1 Conc#0" [stack: 0x000000aea7200000,0x000000aea7300000] [id=6460]
  0x0000025a86373000 ConcurrentGCThread "G1 Conc#1" [stack: 0x000000aea9300000,0x000000aea9400000] [id=11412]
  0x0000025ae979e000 ConcurrentGCThread "G1 Refine#0" [stack: 0x000000aea7300000,0x000000aea7400000] [id=2024]
  0x0000025aff5be800 ConcurrentGCThread "G1 Young RemSet Sampling" [stack: 0x000000aea7400000,0x000000aea7500000] [id=9600]

Threads with active compile tasks:
C2 CompilerThread1   2865 2650       4       jdk.internal.loader.URLClassPath::getResource (74 bytes)

VM state:at safepoint (normal execution)

VM Mutex/Monitor currently owned by a thread:  ([mutex/lock_event])
[0x0000025ae96ba950] Threads_lock - owner thread: 0x0000025aff74d800
[0x0000025ae96bc3c0] Heap_lock - owner thread: 0x0000025a86558800

Heap address: 0x0000000080000000, size: 2048 MB, Compressed Oops mode: 32-bit
Narrow klass base: 0x0000000000000000, Narrow klass shift: 3
Compressed class space size: 1073741824 Address: 0x0000000100000000

Heap:
 garbage-first heap   total 262144K, used 44981K [0x0000000080000000, 0x0000000100000000)
  region size 1024K, 32 young (32768K), 7 survivors (7168K)
 Metaspace       used 34516K, capacity 35225K, committed 35376K, reserved 1081344K
  class space    used 4438K, capacity 4718K, committed 4736K, reserved 1048576K
Heap Regions: E=young(eden), S=young(survivor), O=old, HS=humongous(starts), HC=humongous(continues), CS=collection set, F=free, A=archive, TAMS=top-at-mark-start (previous, next)
|   0|0x0000000080000000, 0x0000000080100000, 0x0000000080100000|100%| O|  |TAMS 0x0000000080100000, 0x0000000080100000| Untracked 
|   1|0x0000000080100000, 0x0000000080200000, 0x0000000080200000|100%| O|  |TAMS 0x0000000080200000, 0x0000000080200000| Untracked 
|   2|0x0000000080200000, 0x0000000080300000, 0x0000000080300000|100%| O|  |TAMS 0x0000000080300000, 0x0000000080300000| Untracked 
|   3|0x0000000080300000, 0x0000000080400000, 0x0000000080400000|100%|HS|  |TAMS 0x0000000080400000, 0x0000000080400000| Complete 
|   4|0x0000000080400000, 0x0000000080500000, 0x0000000080500000|100%|HC|  |TAMS 0x0000000080500000, 0x0000000080500000| Complete 
|   5|0x0000000080500000, 0x0000000080600000, 0x0000000080600000|100%|HC|  |TAMS 0x0000000080600000, 0x0000000080600000| Complete 
|   6|0x0000000080600000, 0x0000000080700000, 0x0000000080700000|100%| O|  |TAMS 0x0000000080700000, 0x0000000080700000| Untracked 
|   7|0x0000000080700000, 0x0000000080800000, 0x0000000080800000|100%| O|  |TAMS 0x0000000080800000, 0x0000000080800000| Untracked 
|   8|0x0000000080800000, 0x0000000080900000, 0x0000000080900000|100%| O|  |TAMS 0x0000000080900000, 0x0000000080900000| Untracked 
|   9|0x0000000080900000, 0x0000000080a00000, 0x0000000080a00000|100%| O|  |TAMS 0x0000000080a00000, 0x0000000080a00000| Untracked 
|  10|0x0000000080a00000, 0x0000000080b00000, 0x0000000080b00000|100%| O|  |TAMS 0x0000000080b00000, 0x0000000080b00000| Untracked 
|  11|0x0000000080b00000, 0x0000000080c00000, 0x0000000080c00000|100%| O|  |TAMS 0x0000000080c00000, 0x0000000080c00000| Untracked 
|  12|0x0000000080c00000, 0x0000000080d00000, 0x0000000080d00000|100%| O|  |TAMS 0x0000000080d00000, 0x0000000080d00000| Untracked 
|  13|0x0000000080d00000, 0x0000000080e00000, 0x0000000080e00000|100%| O|  |TAMS 0x0000000080e00000, 0x0000000080e00000| Untracked 
|  14|0x0000000080e00000, 0x0000000080f00000, 0x0000000080f00000|100%| O|  |TAMS 0x0000000080f00000, 0x0000000080f00000| Untracked 
|  15|0x0000000080f00000, 0x0000000080f0d200, 0x0000000081000000|  5%| O|  |TAMS 0x0000000080f0d200, 0x0000000080f0d200| Untracked 
|  16|0x0000000081000000, 0x0000000081000000, 0x0000000081100000|  0%| F|  |TAMS 0x0000000081000000, 0x0000000081000000| Untracked 
|  17|0x0000000081100000, 0x0000000081100000, 0x0000000081200000|  0%| F|  |TAMS 0x0000000081100000, 0x0000000081100000| Untracked 
|  18|0x0000000081200000, 0x0000000081200000, 0x0000000081300000|  0%| F|  |TAMS 0x0000000081200000, 0x0000000081200000| Untracked 
|  19|0x0000000081300000, 0x0000000081300000, 0x0000000081400000|  0%| F|  |TAMS 0x0000000081300000, 0x0000000081300000| Untracked 
|  20|0x0000000081400000, 0x0000000081400000, 0x0000000081500000|  0%| F|  |TAMS 0x0000000081400000, 0x0000000081400000| Untracked 
|  21|0x0000000081500000, 0x0000000081500000, 0x0000000081600000|  0%| F|  |TAMS 0x0000000081500000, 0x0000000081500000| Untracked 
|  22|0x0000000081600000, 0x0000000081600000, 0x0000000081700000|  0%| F|  |TAMS 0x0000000081600000, 0x0000000081600000| Untracked 
|  23|0x0000000081700000, 0x0000000081700000, 0x0000000081800000|  0%| F|  |TAMS 0x0000000081700000, 0x0000000081700000| Untracked 
|  24|0x0000000081800000, 0x0000000081800000, 0x0000000081900000|  0%| F|  |TAMS 0x0000000081800000, 0x0000000081800000| Untracked 
|  25|0x0000000081900000, 0x0000000081900000, 0x0000000081a00000|  0%| F|  |TAMS 0x0000000081900000, 0x0000000081900000| Untracked 
|  26|0x0000000081a00000, 0x0000000081a00000, 0x0000000081b00000|  0%| F|  |TAMS 0x0000000081a00000, 0x0000000081a00000| Untracked 
|  27|0x0000000081b00000, 0x0000000081b00000, 0x0000000081c00000|  0%| F|  |TAMS 0x0000000081b00000, 0x0000000081b00000| Untracked 
|  28|0x0000000081c00000, 0x0000000081c00000, 0x0000000081d00000|  0%| F|  |TAMS 0x0000000081c00000, 0x0000000081c00000| Untracked 
|  29|0x0000000081d00000, 0x0000000081d00000, 0x0000000081e00000|  0%| F|  |TAMS 0x0000000081d00000, 0x0000000081d00000| Untracked 
|  30|0x0000000081e00000, 0x0000000081e00000, 0x0000000081f00000|  0%| F|  |TAMS 0x0000000081e00000, 0x0000000081e00000| Untracked 
|  31|0x0000000081f00000, 0x0000000081f00000, 0x0000000082000000|  0%| F|  |TAMS 0x0000000081f00000, 0x0000000081f00000| Untracked 
|  32|0x0000000082000000, 0x0000000082000000, 0x0000000082100000|  0%| F|  |TAMS 0x0000000082000000, 0x0000000082000000| Untracked 
|  33|0x0000000082100000, 0x0000000082100000, 0x0000000082200000|  0%| F|  |TAMS 0x0000000082100000, 0x0000000082100000| Untracked 
|  34|0x0000000082200000, 0x0000000082200000, 0x0000000082300000|  0%| F|  |TAMS 0x0000000082200000, 0x0000000082200000| Untracked 
|  35|0x0000000082300000, 0x0000000082300000, 0x0000000082400000|  0%| F|  |TAMS 0x0000000082300000, 0x0000000082300000| Untracked 
|  36|0x0000000082400000, 0x0000000082400000, 0x0000000082500000|  0%| F|  |TAMS 0x0000000082400000, 0x0000000082400000| Untracked 
|  37|0x0000000082500000, 0x0000000082500000, 0x0000000082600000|  0%| F|  |TAMS 0x0000000082500000, 0x0000000082500000| Untracked 
|  38|0x0000000082600000, 0x0000000082600000, 0x0000000082700000|  0%| F|  |TAMS 0x0000000082600000, 0x0000000082600000| Untracked 
|  39|0x0000000082700000, 0x0000000082700000, 0x0000000082800000|  0%| F|  |TAMS 0x0000000082700000, 0x0000000082700000| Untracked 
|  40|0x0000000082800000, 0x0000000082800000, 0x0000000082900000|  0%| F|  |TAMS 0x0000000082800000, 0x0000000082800000| Untracked 
|  41|0x0000000082900000, 0x0000000082900000, 0x0000000082a00000|  0%| F|  |TAMS 0x0000000082900000, 0x0000000082900000| Untracked 
|  42|0x0000000082a00000, 0x0000000082a00000, 0x0000000082b00000|  0%| F|  |TAMS 0x0000000082a00000, 0x0000000082a00000| Untracked 
|  43|0x0000000082b00000, 0x0000000082b00000, 0x0000000082c00000|  0%| F|  |TAMS 0x0000000082b00000, 0x0000000082b00000| Untracked 
|  44|0x0000000082c00000, 0x0000000082c00000, 0x0000000082d00000|  0%| F|  |TAMS 0x0000000082c00000, 0x0000000082c00000| Untracked 
|  45|0x0000000082d00000, 0x0000000082d00000, 0x0000000082e00000|  0%| F|  |TAMS 0x0000000082d00000, 0x0000000082d00000| Untracked 
|  46|0x0000000082e00000, 0x0000000082e00000, 0x0000000082f00000|  0%| F|  |TAMS 0x0000000082e00000, 0x0000000082e00000| Untracked 
|  47|0x0000000082f00000, 0x0000000082f00000, 0x0000000083000000|  0%| F|  |TAMS 0x0000000082f00000, 0x0000000082f00000| Untracked 
|  48|0x0000000083000000, 0x0000000083000000, 0x0000000083100000|  0%| F|  |TAMS 0x0000000083000000, 0x0000000083000000| Untracked 
|  49|0x0000000083100000, 0x0000000083100000, 0x0000000083200000|  0%| F|  |TAMS 0x0000000083100000, 0x0000000083100000| Untracked 
|  50|0x0000000083200000, 0x0000000083200000, 0x0000000083300000|  0%| F|  |TAMS 0x0000000083200000, 0x0000000083200000| Untracked 
|  51|0x0000000083300000, 0x0000000083300000, 0x0000000083400000|  0%| F|  |TAMS 0x0000000083300000, 0x0000000083300000| Untracked 
|  52|0x0000000083400000, 0x0000000083400000, 0x0000000083500000|  0%| F|  |TAMS 0x0000000083400000, 0x0000000083400000| Untracked 
|  53|0x0000000083500000, 0x0000000083500000, 0x0000000083600000|  0%| F|  |TAMS 0x0000000083500000, 0x0000000083500000| Untracked 
|  54|0x0000000083600000, 0x0000000083600000, 0x0000000083700000|  0%| F|  |TAMS 0x0000000083600000, 0x0000000083600000| Untracked 
|  55|0x0000000083700000, 0x0000000083700000, 0x0000000083800000|  0%| F|  |TAMS 0x0000000083700000, 0x0000000083700000| Untracked 
|  56|0x0000000083800000, 0x0000000083800000, 0x0000000083900000|  0%| F|  |TAMS 0x0000000083800000, 0x0000000083800000| Untracked 
|  57|0x0000000083900000, 0x0000000083900000, 0x0000000083a00000|  0%| F|  |TAMS 0x0000000083900000, 0x0000000083900000| Untracked 
|  58|0x0000000083a00000, 0x0000000083a00000, 0x0000000083b00000|  0%| F|  |TAMS 0x0000000083a00000, 0x0000000083a00000| Untracked 
|  59|0x0000000083b00000, 0x0000000083b00000, 0x0000000083c00000|  0%| F|  |TAMS 0x0000000083b00000, 0x0000000083b00000| Untracked 
|  60|0x0000000083c00000, 0x0000000083c00000, 0x0000000083d00000|  0%| F|  |TAMS 0x0000000083c00000, 0x0000000083c00000| Untracked 
|  61|0x0000000083d00000, 0x0000000083d00000, 0x0000000083e00000|  0%| F|  |TAMS 0x0000000083d00000, 0x0000000083d00000| Untracked 
|  62|0x0000000083e00000, 0x0000000083e00000, 0x0000000083f00000|  0%| F|  |TAMS 0x0000000083e00000, 0x0000000083e00000| Untracked 
|  63|0x0000000083f00000, 0x0000000083f00000, 0x0000000084000000|  0%| F|  |TAMS 0x0000000083f00000, 0x0000000083f00000| Untracked 
|  64|0x0000000084000000, 0x0000000084000000, 0x0000000084100000|  0%| F|  |TAMS 0x0000000084000000, 0x0000000084000000| Untracked 
|  65|0x0000000084100000, 0x0000000084100000, 0x0000000084200000|  0%| F|  |TAMS 0x0000000084100000, 0x0000000084100000| Untracked 
|  66|0x0000000084200000, 0x0000000084200000, 0x0000000084300000|  0%| F|  |TAMS 0x0000000084200000, 0x0000000084200000| Untracked 
|  67|0x0000000084300000, 0x0000000084300000, 0x0000000084400000|  0%| F|  |TAMS 0x0000000084300000, 0x0000000084300000| Untracked 
|  68|0x0000000084400000, 0x0000000084400000, 0x0000000084500000|  0%| F|  |TAMS 0x0000000084400000, 0x0000000084400000| Untracked 
|  69|0x0000000084500000, 0x0000000084500000, 0x0000000084600000|  0%| F|  |TAMS 0x0000000084500000, 0x0000000084500000| Untracked 
|  70|0x0000000084600000, 0x0000000084600000, 0x0000000084700000|  0%| F|  |TAMS 0x0000000084600000, 0x0000000084600000| Untracked 
|  71|0x0000000084700000, 0x0000000084700000, 0x0000000084800000|  0%| F|  |TAMS 0x0000000084700000, 0x0000000084700000| Untracked 
|  72|0x0000000084800000, 0x0000000084800000, 0x0000000084900000|  0%| F|  |TAMS 0x0000000084800000, 0x0000000084800000| Untracked 
|  73|0x0000000084900000, 0x0000000084900000, 0x0000000084a00000|  0%| F|  |TAMS 0x0000000084900000, 0x0000000084900000| Untracked 
|  74|0x0000000084a00000, 0x0000000084a00000, 0x0000000084b00000|  0%| F|  |TAMS 0x0000000084a00000, 0x0000000084a00000| Untracked 
|  75|0x0000000084b00000, 0x0000000084b00000, 0x0000000084c00000|  0%| F|  |TAMS 0x0000000084b00000, 0x0000000084b00000| Untracked 
|  76|0x0000000084c00000, 0x0000000084c00000, 0x0000000084d00000|  0%| F|  |TAMS 0x0000000084c00000, 0x0000000084c00000| Untracked 
|  77|0x0000000084d00000, 0x0000000084d00000, 0x0000000084e00000|  0%| F|  |TAMS 0x0000000084d00000, 0x0000000084d00000| Untracked 
|  78|0x0000000084e00000, 0x0000000084e00000, 0x0000000084f00000|  0%| F|  |TAMS 0x0000000084e00000, 0x0000000084e00000| Untracked 
|  79|0x0000000084f00000, 0x0000000084f00000, 0x0000000085000000|  0%| F|  |TAMS 0x0000000084f00000, 0x0000000084f00000| Untracked 
|  80|0x0000000085000000, 0x0000000085000000, 0x0000000085100000|  0%| F|  |TAMS 0x0000000085000000, 0x0000000085000000| Untracked 
|  81|0x0000000085100000, 0x0000000085100000, 0x0000000085200000|  0%| F|  |TAMS 0x0000000085100000, 0x0000000085100000| Untracked 
|  82|0x0000000085200000, 0x0000000085200000, 0x0000000085300000|  0%| F|  |TAMS 0x0000000085200000, 0x0000000085200000| Untracked 
|  83|0x0000000085300000, 0x0000000085300000, 0x0000000085400000|  0%| F|  |TAMS 0x0000000085300000, 0x0000000085300000| Untracked 
|  84|0x0000000085400000, 0x0000000085400000, 0x0000000085500000|  0%| F|  |TAMS 0x0000000085400000, 0x0000000085400000| Untracked 
|  85|0x0000000085500000, 0x0000000085500000, 0x0000000085600000|  0%| F|  |TAMS 0x0000000085500000, 0x0000000085500000| Untracked 
|  86|0x0000000085600000, 0x0000000085600000, 0x0000000085700000|  0%| F|  |TAMS 0x0000000085600000, 0x0000000085600000| Untracked 
|  87|0x0000000085700000, 0x0000000085700000, 0x0000000085800000|  0%| F|  |TAMS 0x0000000085700000, 0x0000000085700000| Untracked 
|  88|0x0000000085800000, 0x0000000085800000, 0x0000000085900000|  0%| F|  |TAMS 0x0000000085800000, 0x0000000085800000| Untracked 
|  89|0x0000000085900000, 0x0000000085900000, 0x0000000085a00000|  0%| F|  |TAMS 0x0000000085900000, 0x0000000085900000| Untracked 
|  90|0x0000000085a00000, 0x0000000085a00000, 0x0000000085b00000|  0%| F|  |TAMS 0x0000000085a00000, 0x0000000085a00000| Untracked 
|  91|0x0000000085b00000, 0x0000000085b00000, 0x0000000085c00000|  0%| F|  |TAMS 0x0000000085b00000, 0x0000000085b00000| Untracked 
|  92|0x0000000085c00000, 0x0000000085c00000, 0x0000000085d00000|  0%| F|  |TAMS 0x0000000085c00000, 0x0000000085c00000| Untracked 
|  93|0x0000000085d00000, 0x0000000085d00000, 0x0000000085e00000|  0%| F|  |TAMS 0x0000000085d00000, 0x0000000085d00000| Untracked 
|  94|0x0000000085e00000, 0x0000000085e00000, 0x0000000085f00000|  0%| F|  |TAMS 0x0000000085e00000, 0x0000000085e00000| Untracked 
|  95|0x0000000085f00000, 0x0000000085f00000, 0x0000000086000000|  0%| F|  |TAMS 0x0000000085f00000, 0x0000000085f00000| Untracked 
|  96|0x0000000086000000, 0x0000000086000000, 0x0000000086100000|  0%| F|  |TAMS 0x0000000086000000, 0x0000000086000000| Untracked 
|  97|0x0000000086100000, 0x0000000086100000, 0x0000000086200000|  0%| F|  |TAMS 0x0000000086100000, 0x0000000086100000| Untracked 
|  98|0x0000000086200000, 0x0000000086200000, 0x0000000086300000|  0%| F|  |TAMS 0x0000000086200000, 0x0000000086200000| Untracked 
|  99|0x0000000086300000, 0x0000000086300000, 0x0000000086400000|  0%| F|  |TAMS 0x0000000086300000, 0x0000000086300000| Untracked 
| 100|0x0000000086400000, 0x0000000086400000, 0x0000000086500000|  0%| F|  |TAMS 0x0000000086400000, 0x0000000086400000| Untracked 
| 101|0x0000000086500000, 0x0000000086500000, 0x0000000086600000|  0%| F|  |TAMS 0x0000000086500000, 0x0000000086500000| Untracked 
| 102|0x0000000086600000, 0x0000000086600000, 0x0000000086700000|  0%| F|  |TAMS 0x0000000086600000, 0x0000000086600000| Untracked 
| 103|0x0000000086700000, 0x0000000086700000, 0x0000000086800000|  0%| F|  |TAMS 0x0000000086700000, 0x0000000086700000| Untracked 
| 104|0x0000000086800000, 0x0000000086800000, 0x0000000086900000|  0%| F|  |TAMS 0x0000000086800000, 0x0000000086800000| Untracked 
| 105|0x0000000086900000, 0x0000000086900000, 0x0000000086a00000|  0%| F|  |TAMS 0x0000000086900000, 0x0000000086900000| Untracked 
| 106|0x0000000086a00000, 0x0000000086a00000, 0x0000000086b00000|  0%| F|  |TAMS 0x0000000086a00000, 0x0000000086a00000| Untracked 
| 107|0x0000000086b00000, 0x0000000086b00000, 0x0000000086c00000|  0%| F|  |TAMS 0x0000000086b00000, 0x0000000086b00000| Untracked 
| 108|0x0000000086c00000, 0x0000000086c00000, 0x0000000086d00000|  0%| F|  |TAMS 0x0000000086c00000, 0x0000000086c00000| Untracked 
| 109|0x0000000086d00000, 0x0000000086d00000, 0x0000000086e00000|  0%| F|  |TAMS 0x0000000086d00000, 0x0000000086d00000| Untracked 
| 110|0x0000000086e00000, 0x0000000086e00000, 0x0000000086f00000|  0%| F|  |TAMS 0x0000000086e00000, 0x0000000086e00000| Untracked 
| 111|0x0000000086f00000, 0x0000000086f00000, 0x0000000087000000|  0%| F|  |TAMS 0x0000000086f00000, 0x0000000086f00000| Untracked 
| 112|0x0000000087000000, 0x0000000087000000, 0x0000000087100000|  0%| F|  |TAMS 0x0000000087000000, 0x0000000087000000| Untracked 
| 113|0x0000000087100000, 0x0000000087100000, 0x0000000087200000|  0%| F|  |TAMS 0x0000000087100000, 0x0000000087100000| Untracked 
| 114|0x0000000087200000, 0x0000000087200000, 0x0000000087300000|  0%| F|  |TAMS 0x0000000087200000, 0x0000000087200000| Untracked 
| 115|0x0000000087300000, 0x0000000087300000, 0x0000000087400000|  0%| F|  |TAMS 0x0000000087300000, 0x0000000087300000| Untracked 
| 116|0x0000000087400000, 0x0000000087400000, 0x0000000087500000|  0%| F|  |TAMS 0x0000000087400000, 0x0000000087400000| Untracked 
| 117|0x0000000087500000, 0x0000000087500000, 0x0000000087600000|  0%| F|  |TAMS 0x0000000087500000, 0x0000000087500000| Untracked 
| 118|0x0000000087600000, 0x0000000087600000, 0x0000000087700000|  0%| F|  |TAMS 0x0000000087600000, 0x0000000087600000| Untracked 
| 119|0x0000000087700000, 0x0000000087700000, 0x0000000087800000|  0%| F|  |TAMS 0x0000000087700000, 0x0000000087700000| Untracked 
| 120|0x0000000087800000, 0x0000000087800000, 0x0000000087900000|  0%| F|  |TAMS 0x0000000087800000, 0x0000000087800000| Untracked 
| 121|0x0000000087900000, 0x0000000087900000, 0x0000000087a00000|  0%| F|  |TAMS 0x0000000087900000, 0x0000000087900000| Untracked 
| 122|0x0000000087a00000, 0x0000000087a00000, 0x0000000087b00000|  0%| F|  |TAMS 0x0000000087a00000, 0x0000000087a00000| Untracked 
| 123|0x0000000087b00000, 0x0000000087b00000, 0x0000000087c00000|  0%| F|  |TAMS 0x0000000087b00000, 0x0000000087b00000| Untracked 
| 124|0x0000000087c00000, 0x0000000087c00000, 0x0000000087d00000|  0%| F|  |TAMS 0x0000000087c00000, 0x0000000087c00000| Untracked 
| 125|0x0000000087d00000, 0x0000000087d00000, 0x0000000087e00000|  0%| F|  |TAMS 0x0000000087d00000, 0x0000000087d00000| Untracked 
| 126|0x0000000087e00000, 0x0000000087e00000, 0x0000000087f00000|  0%| F|  |TAMS 0x0000000087e00000, 0x0000000087e00000| Untracked 
| 127|0x0000000087f00000, 0x0000000087f00000, 0x0000000088000000|  0%| F|  |TAMS 0x0000000087f00000, 0x0000000087f00000| Untracked 
| 128|0x0000000088000000, 0x0000000088000000, 0x0000000088100000|  0%| F|  |TAMS 0x0000000088000000, 0x0000000088000000| Untracked 
| 129|0x0000000088100000, 0x0000000088100000, 0x0000000088200000|  0%| F|  |TAMS 0x0000000088100000, 0x0000000088100000| Untracked 
| 130|0x0000000088200000, 0x0000000088200000, 0x0000000088300000|  0%| F|  |TAMS 0x0000000088200000, 0x0000000088200000| Untracked 
| 131|0x0000000088300000, 0x0000000088300000, 0x0000000088400000|  0%| F|  |TAMS 0x0000000088300000, 0x0000000088300000| Untracked 
| 132|0x0000000088400000, 0x0000000088400000, 0x0000000088500000|  0%| F|  |TAMS 0x0000000088400000, 0x0000000088400000| Untracked 
| 133|0x0000000088500000, 0x0000000088500000, 0x0000000088600000|  0%| F|  |TAMS 0x0000000088500000, 0x0000000088500000| Untracked 
| 134|0x0000000088600000, 0x0000000088600000, 0x0000000088700000|  0%| F|  |TAMS 0x0000000088600000, 0x0000000088600000| Untracked 
| 135|0x0000000088700000, 0x0000000088700000, 0x0000000088800000|  0%| F|  |TAMS 0x0000000088700000, 0x0000000088700000| Untracked 
| 136|0x0000000088800000, 0x0000000088800000, 0x0000000088900000|  0%| F|  |TAMS 0x0000000088800000, 0x0000000088800000| Untracked 
| 137|0x0000000088900000, 0x0000000088900000, 0x0000000088a00000|  0%| F|  |TAMS 0x0000000088900000, 0x0000000088900000| Untracked 
| 138|0x0000000088a00000, 0x0000000088a00000, 0x0000000088b00000|  0%| F|  |TAMS 0x0000000088a00000, 0x0000000088a00000| Untracked 
| 139|0x0000000088b00000, 0x0000000088b00000, 0x0000000088c00000|  0%| F|  |TAMS 0x0000000088b00000, 0x0000000088b00000| Untracked 
| 140|0x0000000088c00000, 0x0000000088c00000, 0x0000000088d00000|  0%| F|  |TAMS 0x0000000088c00000, 0x0000000088c00000| Untracked 
| 141|0x0000000088d00000, 0x0000000088d00000, 0x0000000088e00000|  0%| F|  |TAMS 0x0000000088d00000, 0x0000000088d00000| Untracked 
| 142|0x0000000088e00000, 0x0000000088e00000, 0x0000000088f00000|  0%| F|  |TAMS 0x0000000088e00000, 0x0000000088e00000| Untracked 
| 143|0x0000000088f00000, 0x0000000088f00000, 0x0000000089000000|  0%| F|  |TAMS 0x0000000088f00000, 0x0000000088f00000| Untracked 
| 144|0x0000000089000000, 0x0000000089000000, 0x0000000089100000|  0%| F|  |TAMS 0x0000000089000000, 0x0000000089000000| Untracked 
| 145|0x0000000089100000, 0x0000000089100000, 0x0000000089200000|  0%| F|  |TAMS 0x0000000089100000, 0x0000000089100000| Untracked 
| 146|0x0000000089200000, 0x0000000089200000, 0x0000000089300000|  0%| F|  |TAMS 0x0000000089200000, 0x0000000089200000| Untracked 
| 147|0x0000000089300000, 0x0000000089300000, 0x0000000089400000|  0%| F|  |TAMS 0x0000000089300000, 0x0000000089300000| Untracked 
| 148|0x0000000089400000, 0x0000000089400000, 0x0000000089500000|  0%| F|  |TAMS 0x0000000089400000, 0x0000000089400000| Untracked 
| 149|0x0000000089500000, 0x0000000089500000, 0x0000000089600000|  0%| F|  |TAMS 0x0000000089500000, 0x0000000089500000| Untracked 
| 150|0x0000000089600000, 0x0000000089600000, 0x0000000089700000|  0%| F|  |TAMS 0x0000000089600000, 0x0000000089600000| Untracked 
| 151|0x0000000089700000, 0x0000000089700000, 0x0000000089800000|  0%| F|  |TAMS 0x0000000089700000, 0x0000000089700000| Untracked 
| 152|0x0000000089800000, 0x0000000089800000, 0x0000000089900000|  0%| F|  |TAMS 0x0000000089800000, 0x0000000089800000| Untracked 
| 153|0x0000000089900000, 0x0000000089900000, 0x0000000089a00000|  0%| F|  |TAMS 0x0000000089900000, 0x0000000089900000| Untracked 
| 154|0x0000000089a00000, 0x0000000089a00000, 0x0000000089b00000|  0%| F|  |TAMS 0x0000000089a00000, 0x0000000089a00000| Untracked 
| 155|0x0000000089b00000, 0x0000000089b00000, 0x0000000089c00000|  0%| F|  |TAMS 0x0000000089b00000, 0x0000000089b00000| Untracked 
| 156|0x0000000089c00000, 0x0000000089c00000, 0x0000000089d00000|  0%| F|  |TAMS 0x0000000089c00000, 0x0000000089c00000| Untracked 
| 157|0x0000000089d00000, 0x0000000089d00000, 0x0000000089e00000|  0%| F|  |TAMS 0x0000000089d00000, 0x0000000089d00000| Untracked 
| 158|0x0000000089e00000, 0x0000000089e00000, 0x0000000089f00000|  0%| F|  |TAMS 0x0000000089e00000, 0x0000000089e00000| Untracked 
| 159|0x0000000089f00000, 0x0000000089f00000, 0x000000008a000000|  0%| F|  |TAMS 0x0000000089f00000, 0x0000000089f00000| Untracked 
| 160|0x000000008a000000, 0x000000008a000000, 0x000000008a100000|  0%| F|  |TAMS 0x000000008a000000, 0x000000008a000000| Untracked 
| 161|0x000000008a100000, 0x000000008a100000, 0x000000008a200000|  0%| F|  |TAMS 0x000000008a100000, 0x000000008a100000| Untracked 
| 162|0x000000008a200000, 0x000000008a200000, 0x000000008a300000|  0%| F|  |TAMS 0x000000008a200000, 0x000000008a200000| Untracked 
| 163|0x000000008a300000, 0x000000008a300000, 0x000000008a400000|  0%| F|  |TAMS 0x000000008a300000, 0x000000008a300000| Untracked 
| 164|0x000000008a400000, 0x000000008a400000, 0x000000008a500000|  0%| F|  |TAMS 0x000000008a400000, 0x000000008a400000| Untracked 
| 165|0x000000008a500000, 0x000000008a500000, 0x000000008a600000|  0%| F|  |TAMS 0x000000008a500000, 0x000000008a500000| Untracked 
| 166|0x000000008a600000, 0x000000008a600000, 0x000000008a700000|  0%| F|  |TAMS 0x000000008a600000, 0x000000008a600000| Untracked 
| 167|0x000000008a700000, 0x000000008a700000, 0x000000008a800000|  0%| F|  |TAMS 0x000000008a700000, 0x000000008a700000| Untracked 
| 168|0x000000008a800000, 0x000000008a800000, 0x000000008a900000|  0%| F|  |TAMS 0x000000008a800000, 0x000000008a800000| Untracked 
| 169|0x000000008a900000, 0x000000008a900000, 0x000000008aa00000|  0%| F|  |TAMS 0x000000008a900000, 0x000000008a900000| Untracked 
| 170|0x000000008aa00000, 0x000000008aa00000, 0x000000008ab00000|  0%| F|  |TAMS 0x000000008aa00000, 0x000000008aa00000| Untracked 
| 171|0x000000008ab00000, 0x000000008ab00000, 0x000000008ac00000|  0%| F|  |TAMS 0x000000008ab00000, 0x000000008ab00000| Untracked 
| 172|0x000000008ac00000, 0x000000008ac00000, 0x000000008ad00000|  0%| F|  |TAMS 0x000000008ac00000, 0x000000008ac00000| Untracked 
| 173|0x000000008ad00000, 0x000000008ad00000, 0x000000008ae00000|  0%| F|  |TAMS 0x000000008ad00000, 0x000000008ad00000| Untracked 
| 174|0x000000008ae00000, 0x000000008ae00000, 0x000000008af00000|  0%| F|  |TAMS 0x000000008ae00000, 0x000000008ae00000| Untracked 
| 175|0x000000008af00000, 0x000000008af00000, 0x000000008b000000|  0%| F|  |TAMS 0x000000008af00000, 0x000000008af00000| Untracked 
| 176|0x000000008b000000, 0x000000008b000000, 0x000000008b100000|  0%| F|  |TAMS 0x000000008b000000, 0x000000008b000000| Untracked 
| 177|0x000000008b100000, 0x000000008b100000, 0x000000008b200000|  0%| F|  |TAMS 0x000000008b100000, 0x000000008b100000| Untracked 
| 178|0x000000008b200000, 0x000000008b200000, 0x000000008b300000|  0%| F|  |TAMS 0x000000008b200000, 0x000000008b200000| Untracked 
| 179|0x000000008b300000, 0x000000008b300000, 0x000000008b400000|  0%| F|  |TAMS 0x000000008b300000, 0x000000008b300000| Untracked 
| 180|0x000000008b400000, 0x000000008b400000, 0x000000008b500000|  0%| F|  |TAMS 0x000000008b400000, 0x000000008b400000| Untracked 
| 181|0x000000008b500000, 0x000000008b500000, 0x000000008b600000|  0%| F|  |TAMS 0x000000008b500000, 0x000000008b500000| Untracked 
| 182|0x000000008b600000, 0x000000008b600000, 0x000000008b700000|  0%| F|  |TAMS 0x000000008b600000, 0x000000008b600000| Untracked 
| 183|0x000000008b700000, 0x000000008b700000, 0x000000008b800000|  0%| F|  |TAMS 0x000000008b700000, 0x000000008b700000| Untracked 
| 184|0x000000008b800000, 0x000000008b800000, 0x000000008b900000|  0%| F|  |TAMS 0x000000008b800000, 0x000000008b800000| Untracked 
| 185|0x000000008b900000, 0x000000008b900000, 0x000000008ba00000|  0%| F|  |TAMS 0x000000008b900000, 0x000000008b900000| Untracked 
| 186|0x000000008ba00000, 0x000000008ba00000, 0x000000008bb00000|  0%| F|  |TAMS 0x000000008ba00000, 0x000000008ba00000| Untracked 
| 187|0x000000008bb00000, 0x000000008bb00000, 0x000000008bc00000|  0%| F|  |TAMS 0x000000008bb00000, 0x000000008bb00000| Untracked 
| 188|0x000000008bc00000, 0x000000008bc00000, 0x000000008bd00000|  0%| F|  |TAMS 0x000000008bc00000, 0x000000008bc00000| Untracked 
| 189|0x000000008bd00000, 0x000000008bd00000, 0x000000008be00000|  0%| F|  |TAMS 0x000000008bd00000, 0x000000008bd00000| Untracked 
| 190|0x000000008be00000, 0x000000008be00000, 0x000000008bf00000|  0%| F|  |TAMS 0x000000008be00000, 0x000000008be00000| Untracked 
| 191|0x000000008bf00000, 0x000000008bf00000, 0x000000008c000000|  0%| F|  |TAMS 0x000000008bf00000, 0x000000008bf00000| Untracked 
| 192|0x000000008c000000, 0x000000008c000000, 0x000000008c100000|  0%| F|  |TAMS 0x000000008c000000, 0x000000008c000000| Untracked 
| 193|0x000000008c100000, 0x000000008c100000, 0x000000008c200000|  0%| F|  |TAMS 0x000000008c100000, 0x000000008c100000| Untracked 
| 194|0x000000008c200000, 0x000000008c200000, 0x000000008c300000|  0%| F|  |TAMS 0x000000008c200000, 0x000000008c200000| Untracked 
| 195|0x000000008c300000, 0x000000008c300000, 0x000000008c400000|  0%| F|  |TAMS 0x000000008c300000, 0x000000008c300000| Untracked 
| 196|0x000000008c400000, 0x000000008c400000, 0x000000008c500000|  0%| F|  |TAMS 0x000000008c400000, 0x000000008c400000| Untracked 
| 197|0x000000008c500000, 0x000000008c500000, 0x000000008c600000|  0%| F|  |TAMS 0x000000008c500000, 0x000000008c500000| Untracked 
| 198|0x000000008c600000, 0x000000008c600000, 0x000000008c700000|  0%| F|  |TAMS 0x000000008c600000, 0x000000008c600000| Untracked 
| 199|0x000000008c700000, 0x000000008c700000, 0x000000008c800000|  0%| F|  |TAMS 0x000000008c700000, 0x000000008c700000| Untracked 
| 200|0x000000008c800000, 0x000000008c800000, 0x000000008c900000|  0%| F|  |TAMS 0x000000008c800000, 0x000000008c800000| Untracked 
| 201|0x000000008c900000, 0x000000008c900000, 0x000000008ca00000|  0%| F|  |TAMS 0x000000008c900000, 0x000000008c900000| Untracked 
| 202|0x000000008ca00000, 0x000000008ca00000, 0x000000008cb00000|  0%| F|  |TAMS 0x000000008ca00000, 0x000000008ca00000| Untracked 
| 203|0x000000008cb00000, 0x000000008cb00000, 0x000000008cc00000|  0%| F|  |TAMS 0x000000008cb00000, 0x000000008cb00000| Untracked 
| 204|0x000000008cc00000, 0x000000008cc00000, 0x000000008cd00000|  0%| F|  |TAMS 0x000000008cc00000, 0x000000008cc00000| Untracked 
| 205|0x000000008cd00000, 0x000000008cd00000, 0x000000008ce00000|  0%| F|  |TAMS 0x000000008cd00000, 0x000000008cd00000| Untracked 
| 206|0x000000008ce00000, 0x000000008ce00000, 0x000000008cf00000|  0%| F|  |TAMS 0x000000008ce00000, 0x000000008ce00000| Untracked 
| 207|0x000000008cf00000, 0x000000008cf00000, 0x000000008d000000|  0%| F|  |TAMS 0x000000008cf00000, 0x000000008cf00000| Untracked 
| 208|0x000000008d000000, 0x000000008d000000, 0x000000008d100000|  0%| F|  |TAMS 0x000000008d000000, 0x000000008d000000| Untracked 
| 209|0x000000008d100000, 0x000000008d100000, 0x000000008d200000|  0%| F|  |TAMS 0x000000008d100000, 0x000000008d100000| Untracked 
| 210|0x000000008d200000, 0x000000008d200000, 0x000000008d300000|  0%| F|  |TAMS 0x000000008d200000, 0x000000008d200000| Untracked 
| 211|0x000000008d300000, 0x000000008d300000, 0x000000008d400000|  0%| F|  |TAMS 0x000000008d300000, 0x000000008d300000| Untracked 
| 212|0x000000008d400000, 0x000000008d400000, 0x000000008d500000|  0%| F|  |TAMS 0x000000008d400000, 0x000000008d400000| Untracked 
| 213|0x000000008d500000, 0x000000008d500000, 0x000000008d600000|  0%| F|  |TAMS 0x000000008d500000, 0x000000008d500000| Untracked 
| 214|0x000000008d600000, 0x000000008d600000, 0x000000008d700000|  0%| F|  |TAMS 0x000000008d600000, 0x000000008d600000| Untracked 
| 215|0x000000008d700000, 0x000000008d700000, 0x000000008d800000|  0%| F|  |TAMS 0x000000008d700000, 0x000000008d700000| Untracked 
| 216|0x000000008d800000, 0x000000008d800000, 0x000000008d900000|  0%| F|  |TAMS 0x000000008d800000, 0x000000008d800000| Untracked 
| 217|0x000000008d900000, 0x000000008d900000, 0x000000008da00000|  0%| F|  |TAMS 0x000000008d900000, 0x000000008d900000| Untracked 
| 218|0x000000008da00000, 0x000000008da00000, 0x000000008db00000|  0%| F|  |TAMS 0x000000008da00000, 0x000000008da00000| Untracked 
| 219|0x000000008db00000, 0x000000008db00000, 0x000000008dc00000|  0%| F|  |TAMS 0x000000008db00000, 0x000000008db00000| Untracked 
| 220|0x000000008dc00000, 0x000000008dc00000, 0x000000008dd00000|  0%| F|  |TAMS 0x000000008dc00000, 0x000000008dc00000| Untracked 
| 221|0x000000008dd00000, 0x000000008dd00000, 0x000000008de00000|  0%| F|  |TAMS 0x000000008dd00000, 0x000000008dd00000| Untracked 
| 222|0x000000008de00000, 0x000000008de00000, 0x000000008df00000|  0%| F|  |TAMS 0x000000008de00000, 0x000000008de00000| Untracked 
| 223|0x000000008df00000, 0x000000008df00000, 0x000000008e000000|  0%| F|  |TAMS 0x000000008df00000, 0x000000008df00000| Untracked 
| 224|0x000000008e000000, 0x000000008e078e60, 0x000000008e100000| 47%| S|CS|TAMS 0x000000008e000000, 0x000000008e000000| Complete 
| 225|0x000000008e100000, 0x000000008e200000, 0x000000008e200000|100%| S|CS|TAMS 0x000000008e100000, 0x000000008e100000| Complete 
| 226|0x000000008e200000, 0x000000008e300000, 0x000000008e300000|100%| S|CS|TAMS 0x000000008e200000, 0x000000008e200000| Complete 
| 227|0x000000008e300000, 0x000000008e400000, 0x000000008e400000|100%| S|CS|TAMS 0x000000008e300000, 0x000000008e300000| Complete 
| 228|0x000000008e400000, 0x000000008e500000, 0x000000008e500000|100%| S|CS|TAMS 0x000000008e400000, 0x000000008e400000| Complete 
| 229|0x000000008e500000, 0x000000008e600000, 0x000000008e600000|100%| S|CS|TAMS 0x000000008e500000, 0x000000008e500000| Complete 
| 230|0x000000008e600000, 0x000000008e700000, 0x000000008e700000|100%| S|CS|TAMS 0x000000008e600000, 0x000000008e600000| Complete 
| 231|0x000000008e700000, 0x000000008e700000, 0x000000008e800000|  0%| F|  |TAMS 0x000000008e700000, 0x000000008e700000| Untracked 
| 232|0x000000008e800000, 0x000000008e800000, 0x000000008e900000|  0%| F|  |TAMS 0x000000008e800000, 0x000000008e800000| Untracked 
| 233|0x000000008e900000, 0x000000008e900000, 0x000000008ea00000|  0%| F|  |TAMS 0x000000008e900000, 0x000000008e900000| Untracked 
| 234|0x000000008ea00000, 0x000000008ea00000, 0x000000008eb00000|  0%| F|  |TAMS 0x000000008ea00000, 0x000000008ea00000| Untracked 
| 235|0x000000008eb00000, 0x000000008eb00000, 0x000000008ec00000|  0%| F|  |TAMS 0x000000008eb00000, 0x000000008eb00000| Untracked 
| 236|0x000000008ec00000, 0x000000008ec00000, 0x000000008ed00000|  0%| F|  |TAMS 0x000000008ec00000, 0x000000008ec00000| Untracked 
| 237|0x000000008ed00000, 0x000000008ed00000, 0x000000008ee00000|  0%| F|  |TAMS 0x000000008ed00000, 0x000000008ed00000| Untracked 
| 238|0x000000008ee00000, 0x000000008ee00000, 0x000000008ef00000|  0%| F|  |TAMS 0x000000008ee00000, 0x000000008ee00000| Untracked 
| 239|0x000000008ef00000, 0x000000008ef00000, 0x000000008f000000|  0%| F|  |TAMS 0x000000008ef00000, 0x000000008ef00000| Untracked 
| 240|0x000000008f000000, 0x000000008f000000, 0x000000008f100000|  0%| F|  |TAMS 0x000000008f000000, 0x000000008f000000| Untracked 
| 241|0x000000008f100000, 0x000000008f100000, 0x000000008f200000|  0%| F|  |TAMS 0x000000008f100000, 0x000000008f100000| Untracked 
| 242|0x000000008f200000, 0x000000008f200000, 0x000000008f300000|  0%| F|  |TAMS 0x000000008f200000, 0x000000008f200000| Untracked 
| 243|0x000000008f300000, 0x000000008f300000, 0x000000008f400000|  0%| F|  |TAMS 0x000000008f300000, 0x000000008f300000| Untracked 
| 244|0x000000008f400000, 0x000000008f400000, 0x000000008f500000|  0%| F|  |TAMS 0x000000008f400000, 0x000000008f400000| Untracked 
| 245|0x000000008f500000, 0x000000008f500000, 0x000000008f600000|  0%| F|  |TAMS 0x000000008f500000, 0x000000008f500000| Untracked 
| 246|0x000000008f600000, 0x000000008f600000, 0x000000008f700000|  0%| F|  |TAMS 0x000000008f600000, 0x000000008f600000| Untracked 
| 247|0x000000008f700000, 0x000000008f700000, 0x000000008f800000|  0%| F|  |TAMS 0x000000008f700000, 0x000000008f700000| Untracked 
| 248|0x000000008f800000, 0x000000008f800000, 0x000000008f900000|  0%| F|  |TAMS 0x000000008f800000, 0x000000008f800000| Untracked 
| 249|0x000000008f900000, 0x000000008f900000, 0x000000008fa00000|  0%| F|  |TAMS 0x000000008f900000, 0x000000008f900000| Untracked 
| 250|0x000000008fa00000, 0x000000008fa00000, 0x000000008fb00000|  0%| F|  |TAMS 0x000000008fa00000, 0x000000008fa00000| Untracked 
| 251|0x000000008fb00000, 0x000000008fb00000, 0x000000008fc00000|  0%| F|  |TAMS 0x000000008fb00000, 0x000000008fb00000| Untracked 
| 252|0x000000008fc00000, 0x000000008fc00000, 0x000000008fd00000|  0%| F|  |TAMS 0x000000008fc00000, 0x000000008fc00000| Untracked 
| 253|0x000000008fd00000, 0x000000008fd00000, 0x000000008fe00000|  0%| F|  |TAMS 0x000000008fd00000, 0x000000008fd00000| Untracked 
| 254|0x000000008fe00000, 0x000000008fe00000, 0x000000008ff00000|  0%| F|  |TAMS 0x000000008fe00000, 0x000000008fe00000| Untracked 
| 255|0x000000008ff00000, 0x000000008ff80000, 0x0000000090000000| 50%| E|  |TAMS 0x000000008ff00000, 0x000000008ff00000| Complete 

Card table byte_map: [0x0000025afc6f0000,0x0000025afcaf0000] _byte_map_base: 0x0000025afc2f0000

Marking Bits (Prev, Next): (CMBitMap*) 0x0000025ae97017c0, (CMBitMap*) 0x0000025ae9701788
 Prev Bits: [0x0000025a80000000, 0x0000025a82000000)
 Next Bits: [0x0000025afcef0000, 0x0000025afeef0000)

Polling page: 0x0000025ae75c0000

Metaspace:

Usage:
  Non-class:     29.85 MB capacity,    29.43 MB ( 99%) used,   362.79 KB (  1%) free+waste,    71.69 KB ( <1%) overhead. 
      Class:      4.64 MB capacity,     4.34 MB ( 94%) used,   269.74 KB (  6%) free+waste,    35.06 KB ( <1%) overhead. 
       Both:     34.49 MB capacity,    33.77 MB ( 98%) used,   632.53 KB (  2%) free+waste,   106.75 KB ( <1%) overhead. 

Virtual space:
  Non-class space:       32.00 MB reserved,      29.92 MB ( 94%) committed 
      Class space:        1.00 GB reserved,       4.75 MB ( <1%) committed 
             Both:        1.03 GB reserved,      34.67 MB (  3%) committed 

Chunk freelists:
   Non-Class:  5.00 KB
       Class:  18.00 KB
        Both:  23.00 KB

MaxMetaspaceSize: 17179869184.00 GB
CompressedClassSpaceSize: 1.00 GB
Initial GC threshold: 20.80 MB
Current GC threshold: 35.40 MB
CDS: off

CodeHeap 'non-profiled nmethods': size=120064Kb used=1462Kb max_used=1462Kb free=118602Kb
 bounds [0x0000025af4ca0000, 0x0000025af4f10000, 0x0000025afc1e0000]
CodeHeap 'profiled nmethods': size=120000Kb used=5786Kb max_used=5786Kb free=114213Kb
 bounds [0x0000025aed770000, 0x0000025aedd20000, 0x0000025af4ca0000]
CodeHeap 'non-nmethods': size=5696Kb used=1235Kb max_used=1279Kb free=4460Kb
 bounds [0x0000025aed1e0000, 0x0000025aed450000, 0x0000025aed770000]
 total_blobs=3250 nmethods=2735 adapters=427
 compilation: enabled
              stopped_count=0, restarted_count=0
 full_count=0

Compilation events (20 events):
Event: 2.836 Thread 0x0000025a8408b800 nmethod 2720 0x0000025af4e0bf90 code [0x0000025af4e0c120, 0x0000025af4e0c338]
Event: 2.837 Thread 0x0000025a8408b800 2726       4       java.lang.Integer::hashCode (8 bytes)
Event: 2.837 Thread 0x0000025a8409c800 2727       3       java.util.zip.Inflater::<init> (24 bytes)
Event: 2.837 Thread 0x0000025a8408b800 nmethod 2726 0x0000025af4e0c410 code [0x0000025af4e0c5a0, 0x0000025af4e0c5f8]
Event: 2.837 Thread 0x0000025a8409c800 nmethod 2727 0x0000025aedd10310 code [0x0000025aedd104e0, 0x0000025aedd10778]
Event: 2.837 Thread 0x0000025a8409c800 2728       3       java.util.stream.ReferencePipeline$StatelessOp::<init> (29 bytes)
Event: 2.837 Thread 0x0000025a8408b800 2730       4       java.lang.Class::reflectionData (43 bytes)
Event: 2.837 Thread 0x0000025a8409c800 nmethod 2728 0x0000025aedd10890 code [0x0000025aedd10a60, 0x0000025aedd10c08]
Event: 2.837 Thread 0x0000025a8409c800 2729       3       java.util.stream.ReferencePipeline::<init> (7 bytes)
Event: 2.837 Thread 0x0000025a8409c800 nmethod 2729 0x0000025aedd10d10 code [0x0000025aedd10ec0, 0x0000025aedd10fe8]
Event: 2.840 Thread 0x0000025a8408b800 nmethod 2730 0x0000025af4e0c710 code [0x0000025af4e0c8e0, 0x0000025af4e0ccf8]
Event: 2.841 Thread 0x0000025a8409c800 2731       3       jdk.internal.misc.Unsafe::convEndian (16 bytes)
Event: 2.841 Thread 0x0000025a8409c800 nmethod 2731 0x0000025aedd11090 code [0x0000025aedd11240, 0x0000025aedd113f8]
Event: 2.841 Thread 0x0000025a8409c800 2732       3       jdk.internal.jimage.BasicImageReader::getString (48 bytes)
Event: 2.842 Thread 0x0000025a8409c800 nmethod 2732 0x0000025aedd11490 code [0x0000025aedd11700, 0x0000025aedd12118]
Event: 2.842 Thread 0x0000025a8409c800 2733       3       jdk.internal.jimage.ImageStringsReader::get (9 bytes)
Event: 2.842 Thread 0x0000025a8409c800 nmethod 2733 0x0000025aedd12490 code [0x0000025aedd12640, 0x0000025aedd127e8]
Event: 2.842 Thread 0x0000025a8408b800 2734       4       java.util.Arrays::hashCode (56 bytes)
Event: 2.843 Thread 0x0000025a8409c800 2735       3       java.lang.PublicMethods::toArray (76 bytes)
Event: 2.843 Thread 0x0000025a8409c800 nmethod 2735 0x0000025aedd12890 code [0x0000025aedd12ac0, 0x0000025aedd13358]

GC Heap History (10 events):
Event: 0.503 GC heap before
{Heap before GC invocations=0 (full 0):
 garbage-first heap   total 262144K, used 27648K [0x0000000080000000, 0x0000000100000000)
  region size 1024K, 22 young (22528K), 0 survivors (0K)
 Metaspace       used 9931K, capacity 10228K, committed 10368K, reserved 1058816K
  class space    used 998K, capacity 1073K, committed 1152K, reserved 1048576K
}
Event: 0.521 GC heap after
{Heap after GC invocations=1 (full 0):
 garbage-first heap   total 262144K, used 9087K [0x0000000080000000, 0x0000000100000000)
  region size 1024K, 3 young (3072K), 3 survivors (3072K)
 Metaspace       used 9931K, capacity 10228K, committed 10368K, reserved 1058816K
  class space    used 998K, capacity 1073K, committed 1152K, reserved 1048576K
}
Event: 0.717 GC heap before
{Heap before GC invocations=1 (full 0):
 garbage-first heap   total 262144K, used 26495K [0x0000000080000000, 0x0000000100000000)
  region size 1024K, 20 young (20480K), 3 survivors (3072K)
 Metaspace       used 11159K, capacity 11444K, committed 11520K, reserved 1058816K
  class space    used 1152K, capacity 1244K, committed 1280K, reserved 1048576K
}
Event: 0.718 GC heap after
{Heap after GC invocations=2 (full 0):
 garbage-first heap   total 262144K, used 9841K [0x0000000080000000, 0x0000000100000000)
  region size 1024K, 1 young (1024K), 1 survivors (1024K)
 Metaspace       used 11159K, capacity 11444K, committed 11520K, reserved 1058816K
  class space    used 1152K, capacity 1244K, committed 1280K, reserved 1048576K
}
Event: 1.342 GC heap before
{Heap before GC invocations=2 (full 0):
 garbage-first heap   total 262144K, used 58993K [0x0000000080000000, 0x0000000100000000)
  region size 1024K, 49 young (50176K), 1 survivors (1024K)
 Metaspace       used 16017K, capacity 16449K, committed 16640K, reserved 1064960K
  class space    used 1807K, capacity 1935K, committed 2048K, reserved 1048576K
}
Event: 1.346 GC heap after
{Heap after GC invocations=3 (full 0):
 garbage-first heap   total 262144K, used 15659K [0x0000000080000000, 0x0000000100000000)
  region size 1024K, 7 young (7168K), 7 survivors (7168K)
 Metaspace       used 16017K, capacity 16449K, committed 16640K, reserved 1064960K
  class space    used 1807K, capacity 1935K, committed 2048K, reserved 1048576K
}
Event: 1.891 GC heap before
{Heap before GC invocations=3 (full 0):
 garbage-first heap   total 262144K, used 55595K [0x0000000080000000, 0x0000000100000000)
  region size 1024K, 47 young (48128K), 7 survivors (7168K)
 Metaspace       used 20730K, capacity 21187K, committed 21296K, reserved 1069056K
  class space    used 2524K, capacity 2686K, committed 2688K, reserved 1048576K
}
Event: 1.897 GC heap after
{Heap after GC invocations=4 (full 0):
 garbage-first heap   total 262144K, used 17195K [0x0000000080000000, 0x0000000100000000)
  region size 1024K, 2 young (2048K), 2 survivors (2048K)
 Metaspace       used 20730K, capacity 21187K, committed 21296K, reserved 1069056K
  class space    used 2524K, capacity 2686K, committed 2688K, reserved 1048576K
}
Event: 2.569 GC heap before
{Heap before GC invocations=5 (full 0):
 garbage-first heap   total 262144K, used 106283K [0x0000000080000000, 0x0000000100000000)
  region size 1024K, 89 young (91136K), 2 survivors (2048K)
 Metaspace       used 29298K, capacity 30056K, committed 30256K, reserved 1075200K
  class space    used 3861K, capacity 4144K, committed 4224K, reserved 1048576K
}
Event: 2.573 GC heap after
{Heap after GC invocations=6 (full 0):
 garbage-first heap   total 262144K, used 19891K [0x0000000080000000, 0x0000000100000000)
  region size 1024K, 5 young (5120K), 5 survivors (5120K)
 Metaspace       used 29298K, capacity 30056K, committed 30256K, reserved 1075200K
  class space    used 3861K, capacity 4144K, committed 4224K, reserved 1048576K
}

Deoptimization events (20 events):
Event: 2.248 Thread 0x0000025a86558800 DEOPT PACKING pc=0x0000025af4d54d6c sp=0x000000aea8bfc850
Event: 2.248 Thread 0x0000025a86558800 DEOPT UNPACKING pc=0x0000025aed22a1af sp=0x000000aea8bfc7d0 mode 2
Event: 2.284 Thread 0x0000025a86558800 Uncommon trap: trap_request=0xffffff4d fr.pc=0x0000025af4ced68c relative=0x00000000000004ac
Event: 2.284 Thread 0x0000025a86558800 Uncommon trap: reason=unstable_if action=reinterpret pc=0x0000025af4ced68c method=java.util.Properties$LineReader.readLine()I @ 249 c2
Event: 2.284 Thread 0x0000025a86558800 DEOPT PACKING pc=0x0000025af4ced68c sp=0x000000aea8bfb230
Event: 2.284 Thread 0x0000025a86558800 DEOPT UNPACKING pc=0x0000025aed22a1af sp=0x000000aea8bfb1c0 mode 2
Event: 2.459 Thread 0x0000025a86558800 Uncommon trap: trap_request=0xffffff4d fr.pc=0x0000025af4d6bfd8 relative=0x0000000000000218
Event: 2.459 Thread 0x0000025a86558800 Uncommon trap: reason=unstable_if action=reinterpret pc=0x0000025af4d6bfd8 method=java.util.HashMap.hash(Ljava/lang/Object;)I @ 1 c2
Event: 2.459 Thread 0x0000025a86558800 DEOPT PACKING pc=0x0000025af4d6bfd8 sp=0x000000aea8bf7aa0
Event: 2.459 Thread 0x0000025a86558800 DEOPT UNPACKING pc=0x0000025aed22a1af sp=0x000000aea8bf79d8 mode 2
Event: 2.566 Thread 0x0000025a86558800 DEOPT PACKING pc=0x0000025aedb715f9 sp=0x000000aea8bf6b40
Event: 2.566 Thread 0x0000025a86558800 DEOPT UNPACKING pc=0x0000025aed22a95e sp=0x000000aea8bf6088 mode 0
Event: 2.654 Thread 0x0000025a86558800 Uncommon trap: trap_request=0xffffff4d fr.pc=0x0000025af4db1750 relative=0x00000000000001f0
Event: 2.654 Thread 0x0000025a86558800 Uncommon trap: reason=unstable_if action=reinterpret pc=0x0000025af4db1750 method=java.util.HashMap.putVal(ILjava/lang/Object;Ljava/lang/Object;ZZ)Ljava/lang/Object; @ 162 c2
Event: 2.654 Thread 0x0000025a86558800 DEOPT PACKING pc=0x0000025af4db1750 sp=0x000000aea8bfa3c0
Event: 2.654 Thread 0x0000025a86558800 DEOPT UNPACKING pc=0x0000025aed22a1af sp=0x000000aea8bfa340 mode 2
Event: 2.828 Thread 0x0000025a86558800 Uncommon trap: trap_request=0xffffff4d fr.pc=0x0000025af4da9aac relative=0x00000000000052ec
Event: 2.828 Thread 0x0000025a86558800 Uncommon trap: reason=unstable_if action=reinterpret pc=0x0000025af4da9aac method=jdk.internal.loader.BuiltinClassLoader.loadClassOrNull(Ljava/lang/String;Z)Ljava/lang/Class; @ 42 c2
Event: 2.828 Thread 0x0000025a86558800 DEOPT PACKING pc=0x0000025af4da9aac sp=0x000000aea8bf4f50
Event: 2.828 Thread 0x0000025a86558800 DEOPT UNPACKING pc=0x0000025aed22a1af sp=0x000000aea8bf4de0 mode 2

Classes redefined (0 events):
No events

Internal exceptions (20 events):
Event: 2.259 Thread 0x0000025a86558800 Exception <a 'java/lang/NoSuchMethodError'{0x000000008cd14aa8}: 'void java.lang.invoke.DirectMethodHandle$Holder.invokeStatic(java.lang.Object, java.lang.Object, java.lang.Object, java.lang.Object)'> (0x000000008cd14aa8) thrown at [./src/hotspot/share/interpreter/linkResolver.cpp, line 773]
Event: 2.260 Thread 0x0000025a86558800 Exception <a 'java/lang/NoSuchMethodError'{0x000000008cd33c10}: 'int java.lang.invoke.DirectMethodHandle$Holder.invokeVirtual(java.lang.Object, java.lang.Object)'> (0x000000008cd33c10) thrown at [./src/hotspot/share/interpreter/linkResolver.cpp, line 773]
Event: 2.261 Thread 0x0000025a86558800 Exception <a 'java/lang/NoSuchMethodError'{0x000000008cd4c780}: 'java.lang.Object java.lang.invoke.DirectMethodHandle$Holder.invokeVirtual(java.lang.Object, java.lang.Object, java.lang.Object)'> (0x000000008cd4c780) thrown at [./src/hotspot/share/interpreter/linkResolver.cpp, line 773]
Event: 2.262 Thread 0x0000025a86558800 Exception <a 'java/lang/NoSuchMethodError'{0x000000008cd69948}: 'int java.lang.invoke.DirectMethodHandle$Holder.invokeVirtual(java.lang.Object, java.lang.Object, java.lang.Object)'> (0x000000008cd69948) thrown at [./src/hotspot/share/interpreter/linkResolver.cpp, line 773]
Event: 2.280 Thread 0x0000025a86558800 Exception <a 'java/lang/NoSuchMethodError'{0x000000008cb9bd08}: 'void java.lang.invoke.DirectMethodHandle$Holder.invokeSpecial(java.lang.Object, java.lang.Object)'> (0x000000008cb9bd08) thrown at [./src/hotspot/share/interpreter/linkResolver.cpp, line 773]
Event: 2.374 Thread 0x0000025a86558800 Exception <a 'java/lang/NoSuchMethodError'{0x000000008bde5748}: 'java.lang.Object java.lang.invoke.DirectMethodHandle$Holder.invokeSpecialIFC(java.lang.Object, java.lang.Object, java.lang.Object, java.lang.Object)'> (0x000000008bde5748) thrown at [./src/hotspot/share/interpreter/linkResolver.cpp, line 773]
Event: 2.459 Thread 0x0000025a86558800 Implicit null exception at 0x0000025af4d6bdf5 to 0x0000025af4d6bfc8
Event: 2.491 Thread 0x0000025a86558800 Exception <a 'java/lang/NoSuchMethodError'{0x000000008b280948}: 'java.lang.Object java.lang.invoke.DirectMethodHandle$Holder.invokeSpecial(java.lang.Object, java.lang.Object, java.lang.Object, java.lang.Object, java.lang.Object, java.lang.Object, java.lang.Object, java.lang.Object, java.lang.Object, java.lang.Object, java.lang.Object, java.lang.Object, java.lang.Object)'> (0x000000008b280948) thrown at [./src/hotspot/share/interpreter/linkResolver.cpp, line 773]
Event: 2.491 Thread 0x0000025a86558800 Exception <a 'java/lang/NoSuchMethodError'{0x000000008b291a50}: 'java.lang.Object java.lang.invoke.DirectMethodHandle$Holder.invokeSpecial(java.lang.Object, java.lang.Object, java.lang.Object, java.lang.Object, java.lang.Object, java.lang.Object, java.lang.Object, java.lang.Object, java.lang.Object, java.lang.Object, java.lang.Object, java.lang.Object)'> (0x000000008b291a50) thrown at [./src/hotspot/share/interpreter/linkResolver.cpp, line 773]
Event: 2.492 Thread 0x0000025a86558800 Exception <a 'java/lang/NoSuchMethodError'{0x000000008b296e20}: 'java.lang.Object java.lang.invoke.Invokers$Holder.linkToTargetMethod(java.lang.Object, java.lang.Object, java.lang.Object, java.lang.Object, java.lang.Object, java.lang.Object, java.lang.Object, java.lang.Object, java.lang.Object, java.lang.Object, java.lang.Object)'> (0x000000008b296e20) thrown at [./src/hotspot/share/interpreter/linkResolver.cpp, line 773]
Event: 2.495 Thread 0x0000025a86558800 Exception <a 'java/lang/NoSuchMethodError'{0x000000008b1374d8}: 'java.lang.Object java.lang.invoke.DirectMethodHandle$Holder.invokeSpecial(java.lang.Object, java.lang.Object, java.lang.Object, java.lang.Object, java.lang.Object, java.lang.Object, java.lang.Object, java.lang.Object, java.lang.Object, java.lang.Object, java.lang.Object, java.lang.Object, java.lang.Object, java.lang.Object)'> (0x000000008b1374d8) thrown at [./src/hotspot/share/interpreter/linkResolver.cpp, line 773]
Event: 2.495 Thread 0x0000025a86558800 Exception <a 'java/lang/NoSuchMethodError'{0x000000008b148df8}: 'java.lang.Object java.lang.invoke.Invokers$Holder.linkToTargetMethod(java.lang.Object, java.lang.Object, java.lang.Object, java.lang.Object, java.lang.Object, java.lang.Object, java.lang.Object, java.lang.Object, java.lang.Object, java.lang.Object, java.lang.Object, java.lang.Object)'> (0x000000008b148df8) thrown at [./src/hotspot/share/interpreter/linkResolver.cpp, line 773]
Event: 2.506 Thread 0x0000025a86558800 Exception <a 'java/lang/NoSuchMethodError'{0x000000008b0350c8}: 'java.lang.Object java.lang.invoke.DirectMethodHandle$Holder.invokeStaticInit(java.lang.Object, java.lang.Object, java.lang.Object, java.lang.Object)'> (0x000000008b0350c8) thrown at [./src/hotspot/share/interpreter/linkResolver.cpp, line 773]
Event: 2.562 Thread 0x0000025a86558800 Exception <a 'java/lang/NoSuchMethodError'{0x000000008a7213e0}: 'java.lang.Object java.lang.invoke.Invokers$Holder.linkToTargetMethod(java.lang.Object, java.lang.Object, java.lang.Object, java.lang.Object, java.lang.Object, java.lang.Object, java.lang.Object, java.lang.Object)'> (0x000000008a7213e0) thrown at [./src/hotspot/share/interpreter/linkResolver.cpp, line 773]
Event: 2.565 Thread 0x0000025a86558800 Exception <a 'java/lang/NoSuchMethodError'{0x000000008a7780d8}: 'java.lang.Object java.lang.invoke.Invokers$Holder.linkToTargetMethod(java.lang.Object, java.lang.Object, java.lang.Object, java.lang.Object, java.lang.Object, java.lang.Object, java.lang.Object)'> (0x000000008a7780d8) thrown at [./src/hotspot/share/interpreter/linkResolver.cpp, line 773]
Event: 2.568 Thread 0x0000025a86558800 Exception <a 'java/lang/IncompatibleClassChangeError'{0x000000008a7cc918}: Found class java.lang.Object, but interface was expected> (0x000000008a7cc918) thrown at [./src/hotspot/share/interpreter/linkResolver.cpp, line 839]
Event: 2.722 Thread 0x0000025a86558800 Exception <a 'java/lang/NoSuchMethodError'{0x000000008ed622f0}: 'void java.lang.invoke.DirectMethodHandle$Holder.invokeStaticInit(java.lang.Object, java.lang.Object, java.lang.Object)'> (0x000000008ed622f0) thrown at [./src/hotspot/share/interpreter/linkResolver.cpp, line 773]
Event: 2.722 Thread 0x0000025a86558800 Exception <a 'java/lang/NoSuchMethodError'{0x000000008ed69548}: 'void java.lang.invoke.DirectMethodHandle$Holder.invokeStaticInit(java.lang.Object, java.lang.Object, java.lang.Object, java.lang.Object)'> (0x000000008ed69548) thrown at [./src/hotspot/share/interpreter/linkResolver.cpp, line 773]
Event: 2.724 Thread 0x0000025a86558800 Exception <a 'java/lang/NoSuchMethodError'{0x000000008ed8bee0}: 'void java.lang.invoke.DirectMethodHandle$Holder.invokeStaticInit(java.lang.Object, java.lang.Object, java.lang.Object, java.lang.Object, java.lang.Object)'> (0x000000008ed8bee0) thrown at [./src/hotspot/share/interpreter/linkResolver.cpp, line 773]
Event: 2.749 Thread 0x0000025a86558800 Exception <a 'java/lang/NoSuchMethodError'{0x000000008edea6d0}: 'int java.lang.invoke.DirectMethodHandle$Holder.invokeStaticInit(java.lang.Object, java.lang.Object, java.lang.Object, java.lang.Object)'> (0x000000008edea6d0) thrown at [./src/hotspot/share/interpreter/linkResolver.cpp, line 773]

Events (20 events):
Event: 2.830 loading class org/apache/groovy/nio/extensions/NioExtensions
Event: 2.830 loading class org/apache/groovy/nio/extensions/NioExtensions done
Event: 2.832 loading class groovy/io/FileVisitResult
Event: 2.832 loading class groovy/io/FileVisitResult done
Event: 2.832 loading class java/nio/file/WatchService
Event: 2.832 loading class java/nio/file/WatchService done
Event: 2.832 loading class java/nio/file/WatchEvent$Kind
Event: 2.832 loading class java/nio/file/WatchEvent$Kind done
Event: 2.832 loading class java/nio/file/WatchKey
Event: 2.832 loading class java/nio/file/WatchKey done
Event: 2.832 loading class java/nio/file/WatchEvent$Modifier
Event: 2.832 loading class java/nio/file/WatchEvent$Modifier done
Event: 2.834 Executing VM operation: RevokeBias
Event: 2.834 Executing VM operation: RevokeBias done
Event: 2.834 loading class org/apache/groovy/sql/extensions/SqlExtensions
Event: 2.834 loading class org/apache/groovy/sql/extensions/SqlExtensions done
Event: 2.835 loading class groovy/sql/GroovyResultSet
Event: 2.835 loading class groovy/sql/GroovyResultSet done
Event: 2.836 loading class groovy/sql/GroovyRowResult
Event: 2.836 loading class groovy/sql/GroovyRowResult done


Dynamic libraries:
0x00007ff7c1700000 - 0x00007ff7c170a000 	C:\Program Files\Android\Android Studio\jre\bin\java.exe
0x00007ff8c9110000 - 0x00007ff8c9308000 	C:\Windows\SYSTEM32\ntdll.dll
0x00007ff8c7ab0000 - 0x00007ff8c7b6f000 	C:\Windows\System32\KERNEL32.DLL
0x00007ff8c6a70000 - 0x00007ff8c6d42000 	C:\Windows\System32\KERNELBASE.dll
0x00007ff8c67d0000 - 0x00007ff8c68d0000 	C:\Windows\System32\ucrtbase.dll
0x00007ff8c1520000 - 0x00007ff8c1539000 	C:\Program Files\Android\Android Studio\jre\bin\jli.dll
0x00007ff8c8b70000 - 0x00007ff8c8d11000 	C:\Windows\System32\USER32.dll
0x00007ff8c70f0000 - 0x00007ff8c7112000 	C:\Windows\System32\win32u.dll
0x00007ff8b5f20000 - 0x00007ff8b61ba000 	C:\Windows\WinSxS\amd64_microsoft.windows.common-controls_6595b64144ccf1df_6.0.19041.1110_none_60b5254171f9507e\COMCTL32.dll
0x00007ff8c74b0000 - 0x00007ff8c74db000 	C:\Windows\System32\GDI32.dll
0x00007ff8c6d50000 - 0x00007ff8c6e5f000 	C:\Windows\System32\gdi32full.dll
0x00007ff8c7a10000 - 0x00007ff8c7aae000 	C:\Windows\System32\msvcrt.dll
0x00007ff8c69d0000 - 0x00007ff8c6a6d000 	C:\Windows\System32\msvcp_win.dll
0x00007ff8baaa0000 - 0x00007ff8baab7000 	C:\Program Files\Android\Android Studio\jre\bin\VCRUNTIME140.dll
0x00007ff8c8e20000 - 0x00007ff8c8e52000 	C:\Windows\System32\IMM32.DLL
0x00007ff8a6ca0000 - 0x00007ff8a6d3d000 	C:\Program Files\Android\Android Studio\jre\bin\msvcp140.dll
0x00007ff840460000 - 0x00007ff840f62000 	C:\Program Files\Android\Android Studio\jre\bin\server\jvm.dll
0x00007ff8c8e60000 - 0x00007ff8c8f0e000 	C:\Windows\System32\ADVAPI32.dll
0x00007ff8c8a50000 - 0x00007ff8c8aec000 	C:\Windows\System32\sechost.dll
0x00007ff8c8f70000 - 0x00007ff8c9095000 	C:\Windows\System32\RPCRT4.dll
0x00007ff8c8da0000 - 0x00007ff8c8da8000 	C:\Windows\System32\PSAPI.DLL
0x00007ff8acd60000 - 0x00007ff8acd69000 	C:\Windows\SYSTEM32\WSOCK32.dll
0x00007ff8bf040000 - 0x00007ff8bf04a000 	C:\Windows\SYSTEM32\VERSION.dll
0x00007ff8bd6e0000 - 0x00007ff8bd707000 	C:\Windows\SYSTEM32\WINMM.dll
0x00007ff8c7b70000 - 0x00007ff8c7bdb000 	C:\Windows\System32\WS2_32.dll
0x00007ff8c46b0000 - 0x00007ff8c46c2000 	C:\Windows\SYSTEM32\kernel.appcore.dll
0x00007ff8a9cf0000 - 0x00007ff8a9d01000 	C:\Program Files\Android\Android Studio\jre\bin\verify.dll
0x00007ff8c0360000 - 0x00007ff8c0544000 	C:\Windows\SYSTEM32\DBGHELP.DLL
0x00007ff8b7da0000 - 0x00007ff8b7dd5000 	C:\Windows\SYSTEM32\dbgcore.DLL
0x00007ff8c7060000 - 0x00007ff8c70e2000 	C:\Windows\System32\bcryptPrimitives.dll
0x00007ff8a65b0000 - 0x00007ff8a65d9000 	C:\Program Files\Android\Android Studio\jre\bin\java.dll
0x00007ff8acd50000 - 0x00007ff8acd5b000 	C:\Program Files\Android\Android Studio\jre\bin\jimage.dll
0x00007ff8a1040000 - 0x00007ff8a1058000 	C:\Program Files\Android\Android Studio\jre\bin\zip.dll
0x00007ff8c7e90000 - 0x00007ff8c85d4000 	C:\Windows\System32\SHELL32.dll
0x00007ff8c48b0000 - 0x00007ff8c5042000 	C:\Windows\SYSTEM32\windows.storage.dll
0x00007ff8c74f0000 - 0x00007ff8c7845000 	C:\Windows\System32\combase.dll
0x00007ff8c6230000 - 0x00007ff8c6260000 	C:\Windows\SYSTEM32\Wldp.dll
0x00007ff8c7400000 - 0x00007ff8c74ad000 	C:\Windows\System32\SHCORE.dll
0x00007ff8c8f10000 - 0x00007ff8c8f65000 	C:\Windows\System32\shlwapi.dll
0x00007ff8c6710000 - 0x00007ff8c672f000 	C:\Windows\SYSTEM32\profapi.dll
0x00007ff8a0a50000 - 0x00007ff8a0a6a000 	C:\Program Files\Android\Android Studio\jre\bin\net.dll
0x00007ff8bf670000 - 0x00007ff8bf77c000 	C:\Windows\SYSTEM32\WINHTTP.dll
0x00007ff8c5f90000 - 0x00007ff8c5ffa000 	C:\Windows\system32\mswsock.dll
0x00007ff89f2b0000 - 0x00007ff89f2c4000 	C:\Program Files\Android\Android Studio\jre\bin\nio.dll
0x00007ff89d1f0000 - 0x00007ff89d217000 	C:\Users\real_\.gradle\native\e1d6ef7f7dcc3fd88c89a11ec53ec762bb8ba0a96d01ffa2cd45eb1d1d8dd5c5\windows-amd64\native-platform.dll
0x00007ff8a6b50000 - 0x00007ff8a6c94000 	C:\Users\real_\.gradle\native\0d407fdbe67a94daf76414ababcb853783967236a71b16ec16e742cd7a986fd3\windows-amd64\native-platform-file-events.dll
0x00007ff8a9aa0000 - 0x00007ff8a9aaa000 	C:\Program Files\Android\Android Studio\jre\bin\management.dll
0x00007ff8a77c0000 - 0x00007ff8a77cd000 	C:\Program Files\Android\Android Studio\jre\bin\management_ext.dll
0x00007ff8c6190000 - 0x00007ff8c61a8000 	C:\Windows\SYSTEM32\CRYPTSP.dll
0x00007ff8c5840000 - 0x00007ff8c5874000 	C:\Windows\system32\rsaenh.dll
0x00007ff8c6e60000 - 0x00007ff8c6e87000 	C:\Windows\System32\bcrypt.dll
0x00007ff8c6690000 - 0x00007ff8c66be000 	C:\Windows\SYSTEM32\USERENV.dll
0x00007ff8c6180000 - 0x00007ff8c618c000 	C:\Windows\SYSTEM32\CRYPTBASE.dll
0x00007ff8c5c30000 - 0x00007ff8c5c6b000 	C:\Windows\SYSTEM32\IPHLPAPI.DLL
0x00007ff8c74e0000 - 0x00007ff8c74e8000 	C:\Windows\System32\NSI.dll
0x00007ff8c06b0000 - 0x00007ff8c06c7000 	C:\Windows\SYSTEM32\dhcpcsvc6.DLL
0x00007ff8c0690000 - 0x00007ff8c06ad000 	C:\Windows\SYSTEM32\dhcpcsvc.DLL
0x00007ff8c5c80000 - 0x00007ff8c5d4a000 	C:\Windows\SYSTEM32\DNSAPI.dll

dbghelp: loaded successfully - version: 4.0.5 - missing functions: none
symbol engine: initialized successfully - sym options: 0x614 - pdb path: .;C:\Program Files\Android\Android Studio\jre\bin;C:\Windows\SYSTEM32;C:\Windows\WinSxS\amd64_microsoft.windows.common-controls_6595b64144ccf1df_6.0.19041.1110_none_60b5254171f9507e;C:\Program Files\Android\Android Studio\jre\bin\server;C:\Users\real_\.gradle\native\e1d6ef7f7dcc3fd88c89a11ec53ec762bb8ba0a96d01ffa2cd45eb1d1d8dd5c5\windows-amd64;C:\Users\real_\.gradle\native\0d407fdbe67a94daf76414ababcb853783967236a71b16ec16e742cd7a986fd3\windows-amd64

VM Arguments:
jvm_args: --add-opens=java.base/java.util=ALL-UNNAMED --add-opens=java.base/java.lang=ALL-UNNAMED --add-opens=java.base/java.lang.invoke=ALL-UNNAMED --add-opens=java.base/java.util=ALL-UNNAMED --add-opens=java.prefs/java.util.prefs=ALL-UNNAMED --add-opens=java.prefs/java.util.prefs=ALL-UNNAMED --add-opens=java.base/java.nio.charset=ALL-UNNAMED --add-opens=java.base/java.net=ALL-UNNAMED --add-opens=java.base/java.util.concurrent.atomic=ALL-UNNAMED -Xmx2048m -Dfile.encoding=UTF-8 -Duser.country=ES -Duser.language=es -Duser.variant 
java_command: org.gradle.launcher.daemon.bootstrap.GradleDaemon 7.4
java_class_path (initial): C:\Users\real_\.gradle\wrapper\dists\gradle-7.4-bin\c0gwcg53nkjbqw7r0h0umtfvt\gradle-7.4\lib\gradle-launcher-7.4.jar
Launcher Type: SUN_STANDARD

[Global flags]
     intx CICompilerCount                          = 3                                         {product} {ergonomic}
     uint ConcGCThreads                            = 2                                         {product} {ergonomic}
     uint G1ConcRefinementThreads                  = 6                                         {product} {ergonomic}
   size_t G1HeapRegionSize                         = 1048576                                   {product} {ergonomic}
    uintx GCDrainStackTargetSize                   = 64                                        {product} {ergonomic}
   size_t InitialHeapSize                          = 268435456                                 {product} {ergonomic}
   size_t MarkStackSize                            = 4194304                                   {product} {ergonomic}
   size_t MaxHeapSize                              = 2147483648                                {product} {command line}
   size_t MaxNewSize                               = 1287651328                                {product} {ergonomic}
   size_t MinHeapDeltaBytes                        = 1048576                                   {product} {ergonomic}
    uintx NonNMethodCodeHeapSize                   = 5830732                                {pd product} {ergonomic}
    uintx NonProfiledCodeHeapSize                  = 122913754                              {pd product} {ergonomic}
    uintx ProfiledCodeHeapSize                     = 122913754                              {pd product} {ergonomic}
    uintx ReservedCodeCacheSize                    = 251658240                              {pd product} {ergonomic}
     bool SegmentedCodeCache                       = true                                      {product} {ergonomic}
     bool UseCompressedClassPointers               = true                                 {lp64_product} {ergonomic}
     bool UseCompressedOops                        = true                                 {lp64_product} {ergonomic}
     bool UseG1GC                                  = true                                      {product} {ergonomic}
     bool UseLargePagesIndividualAllocation        = false                                  {pd product} {ergonomic}

Logging:
Log output configuration:
 #0: stdout all=warning uptime,level,tags
 #1: stderr all=off uptime,level,tags

Environment Variables:
PATH=C:\Program Files\Common Files\Oracle\Java\javapath;C:\Program Files (x86)\Razer\ChromaBroadcast\bin;C:\Program Files\Razer\ChromaBroadcast\bin;C:\Program Files (x86)\NVIDIA Corporation\PhysX\Common;C:\Windows\system32;C:\Windows;C:\Windows\System32\Wbem;C:\Windows\System32\WindowsPowerShell\v1.0\;C:\Windows\System32\OpenSSH\;C:\Windows\system32\config\systemprofile\AppData\Local\Microsoft\WindowsApps;C:\Program Files\dotnet\;C:\Program Files\Java\jdk-17.0.1\bin;C:\Program Files (x86)\Gpg4win\..\GnuPG\bin;C:\Program Files\nodejs\;C:\Users\real_\AppData\Local\Programs\Python\Python310\Scripts;C:\Program Files (x86)\dotnet\;C:\Program Files\Git\cmd;C:\Program Files\MySQL\MySQL Shell 8.0\bin\;C:\Users\real_\AppData\Local\Microsoft\WindowsApps;C:\Users\real_\AppData\Local\Programs\Microsoft VS Code\bin;C:\Users\real_\.dotnet\tools;C:\Users\real_\AppData\Local\GitHubDesktop\bin;C:\Users\real_\AppData\Roaming\npm
USERNAME=real_
OS=Windows_NT
PROCESSOR_IDENTIFIER=AMD64 Family 23 Model 113 Stepping 0, AuthenticAMD



---------------  S Y S T E M  ---------------

OS: Windows 10 , 64 bit Build 19041 (10.0.19041.2364)
OS uptime: 0 days 14:20 hours

CPU:total 6 (initial active 6) (6 cores per cpu, 1 threads per core) family 23 model 113 stepping 0 microcode 0x0, cmov, cx8, fxsr, mmx, sse, sse2, sse3, ssse3, sse4.1, sse4.2, popcnt, avx, avx2, aes, clmul, mmxext, 3dnowpref, lzcnt, sse4a, tsc, tscinvbit, tscinv, bmi1, bmi2, adx, sha, fma

Memory: 4k page, system-wide physical 16332M (4994M free)
TotalPageFile size 18380M (AvailPageFile size 4M)
current process WorkingSet (physical memory assigned to process): 246M, peak: 246M
current process commit charge ("private bytes"): 426M, peak: 426M

vm_info: OpenJDK 64-Bit Server VM (11.0.13+0-b1751.21-8125866) for windows-amd64 JRE (11.0.13+0-b1751.21-8125866), built on Feb  2 2022 03:00:22 by "builder" with MS VC++ 14.0 (VS2015)

END.
